{"C:\\Users\\54233\\Documents\\sistemaGestion\\backend\\controllers\\alertaController.js": {"path":"C:\\Users\\54233\\Documents\\sistemaGestion\\backend\\controllers\\alertaController.js","statementMap":{"0":{"start":{"line":1,"column":15},"end":{"line":1,"column":42}},"1":{"start":{"line":2,"column":17},"end":{"line":2,"column":46}},"2":{"start":{"line":11,"column":35},"end":{"line":53,"column":1}},"3":{"start":{"line":12,"column":2},"end":{"line":52,"column":3}},"4":{"start":{"line":13,"column":21},"end":{"line":13,"column":56}},"5":{"start":{"line":14,"column":4},"end":{"line":14,"column":46}},"6":{"start":{"line":14,"column":39},"end":{"line":14,"column":46}},"7":{"start":{"line":16,"column":30},"end":{"line":16,"column":78}},"8":{"start":{"line":18,"column":4},"end":{"line":49,"column":5}},"9":{"start":{"line":19,"column":26},"end":{"line":19,"column":38}},"10":{"start":{"line":20,"column":26},"end":{"line":20,"column":51}},"11":{"start":{"line":22,"column":6},"end":{"line":48,"column":7}},"12":{"start":{"line":23,"column":32},"end":{"line":27,"column":10}},"13":{"start":{"line":29,"column":8},"end":{"line":41,"column":9}},"14":{"start":{"line":30,"column":10},"end":{"line":40,"column":13}},"15":{"start":{"line":43,"column":8},"end":{"line":47,"column":11}},"16":{"start":{"line":51,"column":4},"end":{"line":51,"column":70}},"17":{"start":{"line":60,"column":31},"end":{"line":89,"column":1}},"18":{"start":{"line":61,"column":2},"end":{"line":88,"column":3}},"19":{"start":{"line":62,"column":22},"end":{"line":62,"column":59}},"20":{"start":{"line":64,"column":4},"end":{"line":64,"column":50}},"21":{"start":{"line":66,"column":4},"end":{"line":85,"column":5}},"22":{"start":{"line":67,"column":6},"end":{"line":84,"column":7}},"23":{"start":{"line":68,"column":28},"end":{"line":68,"column":40}},"24":{"start":{"line":69,"column":28},"end":{"line":69,"column":53}},"25":{"start":{"line":71,"column":8},"end":{"line":83,"column":9}},"26":{"start":{"line":72,"column":10},"end":{"line":82,"column":13}},"27":{"start":{"line":87,"column":4},"end":{"line":87,"column":66}},"28":{"start":{"line":98,"column":26},"end":{"line":119,"column":1}},"29":{"start":{"line":99,"column":2},"end":{"line":118,"column":3}},"30":{"start":{"line":100,"column":20},"end":{"line":102,"column":32}},"31":{"start":{"line":104,"column":31},"end":{"line":112,"column":7}},"32":{"start":{"line":104,"column":54},"end":{"line":112,"column":5}},"33":{"start":{"line":114,"column":4},"end":{"line":114,"column":33}},"34":{"start":{"line":116,"column":4},"end":{"line":116,"column":61}},"35":{"start":{"line":117,"column":4},"end":{"line":117,"column":53}},"36":{"start":{"line":128,"column":30},"end":{"line":152,"column":1}},"37":{"start":{"line":129,"column":2},"end":{"line":151,"column":3}},"38":{"start":{"line":130,"column":20},"end":{"line":133,"column":36}},"39":{"start":{"line":135,"column":31},"end":{"line":145,"column":7}},"40":{"start":{"line":135,"column":54},"end":{"line":145,"column":5}},"41":{"start":{"line":147,"column":4},"end":{"line":147,"column":33}},"42":{"start":{"line":149,"column":4},"end":{"line":149,"column":65}},"43":{"start":{"line":150,"column":4},"end":{"line":150,"column":53}},"44":{"start":{"line":154,"column":19},"end":{"line":169,"column":1}},"45":{"start":{"line":155,"column":2},"end":{"line":168,"column":3}},"46":{"start":{"line":156,"column":23},"end":{"line":156,"column":32}},"47":{"start":{"line":157,"column":18},"end":{"line":157,"column":42}},"48":{"start":{"line":159,"column":20},"end":{"line":162,"column":32}},"49":{"start":{"line":164,"column":4},"end":{"line":164,"column":22}},"50":{"start":{"line":166,"column":4},"end":{"line":166,"column":54}},"51":{"start":{"line":167,"column":4},"end":{"line":167,"column":53}},"52":{"start":{"line":171,"column":24},"end":{"line":203,"column":1}},"53":{"start":{"line":172,"column":2},"end":{"line":202,"column":3}},"54":{"start":{"line":173,"column":19},"end":{"line":173,"column":29}},"55":{"start":{"line":174,"column":19},"end":{"line":174,"column":31}},"56":{"start":{"line":176,"column":4},"end":{"line":178,"column":5}},"57":{"start":{"line":177,"column":6},"end":{"line":177,"column":73}},"58":{"start":{"line":180,"column":19},"end":{"line":180,"column":44}},"59":{"start":{"line":181,"column":4},"end":{"line":183,"column":5}},"60":{"start":{"line":182,"column":6},"end":{"line":182,"column":71}},"61":{"start":{"line":185,"column":4},"end":{"line":187,"column":5}},"62":{"start":{"line":186,"column":6},"end":{"line":186,"column":78}},"63":{"start":{"line":189,"column":4},"end":{"line":189,"column":33}},"64":{"start":{"line":190,"column":4},"end":{"line":190,"column":40}},"65":{"start":{"line":191,"column":4},"end":{"line":191,"column":34}},"66":{"start":{"line":192,"column":4},"end":{"line":192,"column":24}},"67":{"start":{"line":194,"column":27},"end":{"line":196,"column":51}},"68":{"start":{"line":198,"column":4},"end":{"line":198,"column":54}},"69":{"start":{"line":200,"column":4},"end":{"line":200,"column":59}},"70":{"start":{"line":201,"column":4},"end":{"line":201,"column":53}},"71":{"start":{"line":205,"column":27},"end":{"line":225,"column":1}},"72":{"start":{"line":206,"column":2},"end":{"line":224,"column":3}},"73":{"start":{"line":207,"column":19},"end":{"line":207,"column":29}},"74":{"start":{"line":209,"column":19},"end":{"line":209,"column":44}},"75":{"start":{"line":210,"column":4},"end":{"line":212,"column":5}},"76":{"start":{"line":211,"column":6},"end":{"line":211,"column":71}},"77":{"start":{"line":214,"column":4},"end":{"line":214,"column":29}},"78":{"start":{"line":215,"column":4},"end":{"line":215,"column":34}},"79":{"start":{"line":216,"column":4},"end":{"line":216,"column":32}},"80":{"start":{"line":217,"column":4},"end":{"line":217,"column":36}},"81":{"start":{"line":218,"column":4},"end":{"line":218,"column":24}},"82":{"start":{"line":220,"column":4},"end":{"line":220,"column":46}},"83":{"start":{"line":222,"column":4},"end":{"line":222,"column":62}},"84":{"start":{"line":223,"column":4},"end":{"line":223,"column":53}},"85":{"start":{"line":227,"column":41},"end":{"line":233,"column":1}},"86":{"start":{"line":228,"column":2},"end":{"line":232,"column":3}},"87":{"start":{"line":229,"column":4},"end":{"line":229,"column":59}},"88":{"start":{"line":231,"column":4},"end":{"line":231,"column":76}},"89":{"start":{"line":235,"column":31},"end":{"line":248,"column":1}},"90":{"start":{"line":236,"column":2},"end":{"line":247,"column":3}},"91":{"start":{"line":237,"column":25},"end":{"line":237,"column":74}},"92":{"start":{"line":238,"column":29},"end":{"line":238,"column":82}},"93":{"start":{"line":240,"column":4},"end":{"line":243,"column":7}},"94":{"start":{"line":245,"column":4},"end":{"line":245,"column":66}},"95":{"start":{"line":246,"column":4},"end":{"line":246,"column":53}},"96":{"start":{"line":250,"column":0},"end":{"line":260,"column":2}}},"fnMap":{"0":{"name":"(anonymous_0)","decl":{"start":{"line":11,"column":35},"end":{"line":11,"column":36}},"loc":{"start":{"line":11,"column":74},"end":{"line":53,"column":1}},"line":11},"1":{"name":"(anonymous_1)","decl":{"start":{"line":60,"column":31},"end":{"line":60,"column":32}},"loc":{"start":{"line":60,"column":43},"end":{"line":89,"column":1}},"line":60},"2":{"name":"(anonymous_2)","decl":{"start":{"line":98,"column":26},"end":{"line":98,"column":27}},"loc":{"start":{"line":98,"column":46},"end":{"line":119,"column":1}},"line":98},"3":{"name":"(anonymous_3)","decl":{"start":{"line":104,"column":43},"end":{"line":104,"column":44}},"loc":{"start":{"line":104,"column":54},"end":{"line":112,"column":5}},"line":104},"4":{"name":"(anonymous_4)","decl":{"start":{"line":128,"column":30},"end":{"line":128,"column":31}},"loc":{"start":{"line":128,"column":50},"end":{"line":152,"column":1}},"line":128},"5":{"name":"(anonymous_5)","decl":{"start":{"line":135,"column":43},"end":{"line":135,"column":44}},"loc":{"start":{"line":135,"column":54},"end":{"line":145,"column":5}},"line":135},"6":{"name":"(anonymous_6)","decl":{"start":{"line":154,"column":19},"end":{"line":154,"column":20}},"loc":{"start":{"line":154,"column":39},"end":{"line":169,"column":1}},"line":154},"7":{"name":"(anonymous_7)","decl":{"start":{"line":171,"column":24},"end":{"line":171,"column":25}},"loc":{"start":{"line":171,"column":44},"end":{"line":203,"column":1}},"line":171},"8":{"name":"(anonymous_8)","decl":{"start":{"line":205,"column":27},"end":{"line":205,"column":28}},"loc":{"start":{"line":205,"column":47},"end":{"line":225,"column":1}},"line":205},"9":{"name":"(anonymous_9)","decl":{"start":{"line":227,"column":41},"end":{"line":227,"column":42}},"loc":{"start":{"line":227,"column":80},"end":{"line":233,"column":1}},"line":227},"10":{"name":"(anonymous_10)","decl":{"start":{"line":235,"column":31},"end":{"line":235,"column":32}},"loc":{"start":{"line":235,"column":51},"end":{"line":248,"column":1}},"line":235}},"branchMap":{"0":{"loc":{"start":{"line":11,"column":54},"end":{"line":11,"column":69}},"type":"default-arg","locations":[{"start":{"line":11,"column":65},"end":{"line":11,"column":69}}],"line":11},"1":{"loc":{"start":{"line":14,"column":4},"end":{"line":14,"column":46}},"type":"if","locations":[{"start":{"line":14,"column":4},"end":{"line":14,"column":46}},{"start":{},"end":{}}],"line":14},"2":{"loc":{"start":{"line":14,"column":8},"end":{"line":14,"column":37}},"type":"binary-expr","locations":[{"start":{"line":14,"column":8},"end":{"line":14,"column":17}},{"start":{"line":14,"column":21},"end":{"line":14,"column":37}}],"line":14},"3":{"loc":{"start":{"line":16,"column":30},"end":{"line":16,"column":78}},"type":"cond-expr","locations":[{"start":{"line":16,"column":41},"end":{"line":16,"column":51}},{"start":{"line":16,"column":54},"end":{"line":16,"column":78}}],"line":16},"4":{"loc":{"start":{"line":16,"column":54},"end":{"line":16,"column":78}},"type":"binary-expr","locations":[{"start":{"line":16,"column":54},"end":{"line":16,"column":72}},{"start":{"line":16,"column":76},"end":{"line":16,"column":78}}],"line":16},"5":{"loc":{"start":{"line":19,"column":26},"end":{"line":19,"column":38}},"type":"binary-expr","locations":[{"start":{"line":19,"column":26},"end":{"line":19,"column":33}},{"start":{"line":19,"column":37},"end":{"line":19,"column":38}}],"line":19},"6":{"loc":{"start":{"line":20,"column":26},"end":{"line":20,"column":51}},"type":"binary-expr","locations":[{"start":{"line":20,"column":26},"end":{"line":20,"column":46}},{"start":{"line":20,"column":50},"end":{"line":20,"column":51}}],"line":20},"7":{"loc":{"start":{"line":22,"column":6},"end":{"line":48,"column":7}},"type":"if","locations":[{"start":{"line":22,"column":6},"end":{"line":48,"column":7}},{"start":{"line":42,"column":13},"end":{"line":48,"column":7}}],"line":22},"8":{"loc":{"start":{"line":29,"column":8},"end":{"line":41,"column":9}},"type":"if","locations":[{"start":{"line":29,"column":8},"end":{"line":41,"column":9}},{"start":{},"end":{}}],"line":29},"9":{"loc":{"start":{"line":33,"column":21},"end":{"line":33,"column":34}},"type":"binary-expr","locations":[{"start":{"line":33,"column":21},"end":{"line":33,"column":28}},{"start":{"line":33,"column":32},"end":{"line":33,"column":34}}],"line":33},"10":{"loc":{"start":{"line":34,"column":25},"end":{"line":34,"column":42}},"type":"binary-expr","locations":[{"start":{"line":34,"column":25},"end":{"line":34,"column":36}},{"start":{"line":34,"column":40},"end":{"line":34,"column":42}}],"line":34},"11":{"loc":{"start":{"line":67,"column":22},"end":{"line":67,"column":46}},"type":"binary-expr","locations":[{"start":{"line":67,"column":22},"end":{"line":67,"column":40}},{"start":{"line":67,"column":44},"end":{"line":67,"column":46}}],"line":67},"12":{"loc":{"start":{"line":68,"column":28},"end":{"line":68,"column":40}},"type":"binary-expr","locations":[{"start":{"line":68,"column":28},"end":{"line":68,"column":35}},{"start":{"line":68,"column":39},"end":{"line":68,"column":40}}],"line":68},"13":{"loc":{"start":{"line":69,"column":28},"end":{"line":69,"column":53}},"type":"binary-expr","locations":[{"start":{"line":69,"column":28},"end":{"line":69,"column":48}},{"start":{"line":69,"column":52},"end":{"line":69,"column":53}}],"line":69},"14":{"loc":{"start":{"line":71,"column":8},"end":{"line":83,"column":9}},"type":"if","locations":[{"start":{"line":71,"column":8},"end":{"line":83,"column":9}},{"start":{},"end":{}}],"line":71},"15":{"loc":{"start":{"line":75,"column":21},"end":{"line":75,"column":34}},"type":"binary-expr","locations":[{"start":{"line":75,"column":21},"end":{"line":75,"column":28}},{"start":{"line":75,"column":32},"end":{"line":75,"column":34}}],"line":75},"16":{"loc":{"start":{"line":76,"column":25},"end":{"line":76,"column":42}},"type":"binary-expr","locations":[{"start":{"line":76,"column":25},"end":{"line":76,"column":36}},{"start":{"line":76,"column":40},"end":{"line":76,"column":42}}],"line":76},"17":{"loc":{"start":{"line":157,"column":18},"end":{"line":157,"column":42}},"type":"cond-expr","locations":[{"start":{"line":157,"column":27},"end":{"line":157,"column":37}},{"start":{"line":157,"column":40},"end":{"line":157,"column":42}}],"line":157},"18":{"loc":{"start":{"line":176,"column":4},"end":{"line":178,"column":5}},"type":"if","locations":[{"start":{"line":176,"column":4},"end":{"line":178,"column":5}},{"start":{},"end":{}}],"line":176},"19":{"loc":{"start":{"line":181,"column":4},"end":{"line":183,"column":5}},"type":"if","locations":[{"start":{"line":181,"column":4},"end":{"line":183,"column":5}},{"start":{},"end":{}}],"line":181},"20":{"loc":{"start":{"line":185,"column":4},"end":{"line":187,"column":5}},"type":"if","locations":[{"start":{"line":185,"column":4},"end":{"line":187,"column":5}},{"start":{},"end":{}}],"line":185},"21":{"loc":{"start":{"line":210,"column":4},"end":{"line":212,"column":5}},"type":"if","locations":[{"start":{"line":210,"column":4},"end":{"line":212,"column":5}},{"start":{},"end":{}}],"line":210},"22":{"loc":{"start":{"line":227,"column":60},"end":{"line":227,"column":75}},"type":"default-arg","locations":[{"start":{"line":227,"column":71},"end":{"line":227,"column":75}}],"line":227}},"s":{"0":0,"1":0,"2":0,"3":0,"4":0,"5":0,"6":0,"7":0,"8":0,"9":0,"10":0,"11":0,"12":0,"13":0,"14":0,"15":0,"16":0,"17":0,"18":0,"19":0,"20":0,"21":0,"22":0,"23":0,"24":0,"25":0,"26":0,"27":0,"28":0,"29":0,"30":0,"31":0,"32":0,"33":0,"34":0,"35":0,"36":0,"37":0,"38":0,"39":0,"40":0,"41":0,"42":0,"43":0,"44":0,"45":0,"46":0,"47":0,"48":0,"49":0,"50":0,"51":0,"52":0,"53":0,"54":0,"55":0,"56":0,"57":0,"58":0,"59":0,"60":0,"61":0,"62":0,"63":0,"64":0,"65":0,"66":0,"67":0,"68":0,"69":0,"70":0,"71":0,"72":0,"73":0,"74":0,"75":0,"76":0,"77":0,"78":0,"79":0,"80":0,"81":0,"82":0,"83":0,"84":0,"85":0,"86":0,"87":0,"88":0,"89":0,"90":0,"91":0,"92":0,"93":0,"94":0,"95":0,"96":0},"f":{"0":0,"1":0,"2":0,"3":0,"4":0,"5":0,"6":0,"7":0,"8":0,"9":0,"10":0},"b":{"0":[0],"1":[0,0],"2":[0,0],"3":[0,0],"4":[0,0],"5":[0,0],"6":[0,0],"7":[0,0],"8":[0,0],"9":[0,0],"10":[0,0],"11":[0,0],"12":[0,0],"13":[0,0],"14":[0,0],"15":[0,0],"16":[0,0],"17":[0,0],"18":[0,0],"19":[0,0],"20":[0,0],"21":[0,0],"22":[0]}}
,"C:\\Users\\54233\\Documents\\sistemaGestion\\backend\\controllers\\authController.js": {"path":"C:\\Users\\54233\\Documents\\sistemaGestion\\backend\\controllers\\authController.js","statementMap":{"0":{"start":{"line":1,"column":12},"end":{"line":1,"column":35}},"1":{"start":{"line":2,"column":16},"end":{"line":2,"column":44}},"2":{"start":{"line":11,"column":14},"end":{"line":38,"column":1}},"3":{"start":{"line":12,"column":2},"end":{"line":37,"column":3}},"4":{"start":{"line":13,"column":35},"end":{"line":13,"column":43}},"5":{"start":{"line":14,"column":20},"end":{"line":14,"column":69}},"6":{"start":{"line":16,"column":4},"end":{"line":18,"column":5}},"7":{"start":{"line":17,"column":6},"end":{"line":17,"column":73}},"8":{"start":{"line":20,"column":18},"end":{"line":24,"column":5}},"9":{"start":{"line":26,"column":4},"end":{"line":34,"column":7}},"10":{"start":{"line":36,"column":4},"end":{"line":36,"column":53}},"11":{"start":{"line":48,"column":17},"end":{"line":57,"column":1}},"12":{"start":{"line":49,"column":2},"end":{"line":56,"column":3}},"13":{"start":{"line":50,"column":48},"end":{"line":50,"column":56}},"14":{"start":{"line":51,"column":20},"end":{"line":51,"column":68}},"15":{"start":{"line":52,"column":4},"end":{"line":52,"column":25}},"16":{"start":{"line":53,"column":4},"end":{"line":53,"column":69}},"17":{"start":{"line":55,"column":4},"end":{"line":55,"column":53}},"18":{"start":{"line":66,"column":22},"end":{"line":99,"column":1}},"19":{"start":{"line":67,"column":2},"end":{"line":98,"column":3}},"20":{"start":{"line":68,"column":16},"end":{"line":68,"column":56}},"21":{"start":{"line":70,"column":4},"end":{"line":72,"column":5}},"22":{"start":{"line":71,"column":6},"end":{"line":71,"column":42}},"23":{"start":{"line":74,"column":4},"end":{"line":76,"column":5}},"24":{"start":{"line":75,"column":6},"end":{"line":75,"column":73}},"25":{"start":{"line":78,"column":20},"end":{"line":78,"column":61}},"26":{"start":{"line":79,"column":20},"end":{"line":79,"column":74}},"27":{"start":{"line":81,"column":4},"end":{"line":83,"column":5}},"28":{"start":{"line":82,"column":6},"end":{"line":82,"column":79}},"29":{"start":{"line":85,"column":4},"end":{"line":92,"column":7}},"30":{"start":{"line":94,"column":4},"end":{"line":96,"column":5}},"31":{"start":{"line":95,"column":6},"end":{"line":95,"column":76}},"32":{"start":{"line":97,"column":4},"end":{"line":97,"column":53}},"33":{"start":{"line":101,"column":0},"end":{"line":101,"column":52}}},"fnMap":{"0":{"name":"(anonymous_0)","decl":{"start":{"line":11,"column":14},"end":{"line":11,"column":15}},"loc":{"start":{"line":11,"column":34},"end":{"line":38,"column":1}},"line":11},"1":{"name":"(anonymous_1)","decl":{"start":{"line":48,"column":17},"end":{"line":48,"column":18}},"loc":{"start":{"line":48,"column":43},"end":{"line":57,"column":1}},"line":48},"2":{"name":"(anonymous_2)","decl":{"start":{"line":66,"column":22},"end":{"line":66,"column":23}},"loc":{"start":{"line":66,"column":42},"end":{"line":99,"column":1}},"line":66}},"branchMap":{"0":{"loc":{"start":{"line":16,"column":4},"end":{"line":18,"column":5}},"type":"if","locations":[{"start":{"line":16,"column":4},"end":{"line":18,"column":5}},{"start":{},"end":{}}],"line":16},"1":{"loc":{"start":{"line":16,"column":8},"end":{"line":16,"column":62}},"type":"binary-expr","locations":[{"start":{"line":16,"column":8},"end":{"line":16,"column":16}},{"start":{"line":16,"column":20},"end":{"line":16,"column":62}}],"line":16},"2":{"loc":{"start":{"line":70,"column":4},"end":{"line":72,"column":5}},"type":"if","locations":[{"start":{"line":70,"column":4},"end":{"line":72,"column":5}},{"start":{},"end":{}}],"line":70},"3":{"loc":{"start":{"line":74,"column":4},"end":{"line":76,"column":5}},"type":"if","locations":[{"start":{"line":74,"column":4},"end":{"line":76,"column":5}},{"start":{},"end":{}}],"line":74},"4":{"loc":{"start":{"line":81,"column":4},"end":{"line":83,"column":5}},"type":"if","locations":[{"start":{"line":81,"column":4},"end":{"line":83,"column":5}},{"start":{},"end":{}}],"line":81},"5":{"loc":{"start":{"line":81,"column":8},"end":{"line":81,"column":35}},"type":"binary-expr","locations":[{"start":{"line":81,"column":8},"end":{"line":81,"column":16}},{"start":{"line":81,"column":20},"end":{"line":81,"column":35}}],"line":81},"6":{"loc":{"start":{"line":94,"column":4},"end":{"line":96,"column":5}},"type":"if","locations":[{"start":{"line":94,"column":4},"end":{"line":96,"column":5}},{"start":{},"end":{}}],"line":94},"7":{"loc":{"start":{"line":94,"column":8},"end":{"line":94,"column":80}},"type":"binary-expr","locations":[{"start":{"line":94,"column":8},"end":{"line":94,"column":42}},{"start":{"line":94,"column":46},"end":{"line":94,"column":80}}],"line":94}},"s":{"0":0,"1":0,"2":0,"3":0,"4":0,"5":0,"6":0,"7":0,"8":0,"9":0,"10":0,"11":0,"12":0,"13":0,"14":0,"15":0,"16":0,"17":0,"18":0,"19":0,"20":0,"21":0,"22":0,"23":0,"24":0,"25":0,"26":0,"27":0,"28":0,"29":0,"30":0,"31":0,"32":0,"33":0},"f":{"0":0,"1":0,"2":0},"b":{"0":[0,0],"1":[0,0],"2":[0,0],"3":[0,0],"4":[0,0],"5":[0,0],"6":[0,0],"7":[0,0]}}
,"C:\\Users\\54233\\Documents\\sistemaGestion\\backend\\controllers\\cajaController.js": {"path":"C:\\Users\\54233\\Documents\\sistemaGestion\\backend\\controllers\\cajaController.js","statementMap":{"0":{"start":{"line":1,"column":13},"end":{"line":1,"column":38}},"1":{"start":{"line":2,"column":15},"end":{"line":2,"column":42}},"2":{"start":{"line":12,"column":27},"end":{"line":37,"column":1}},"3":{"start":{"line":13,"column":2},"end":{"line":36,"column":3}},"4":{"start":{"line":14,"column":64},"end":{"line":14,"column":79}},"5":{"start":{"line":15,"column":18},"end":{"line":15,"column":20}},"6":{"start":{"line":17,"column":4},"end":{"line":21,"column":5}},"7":{"start":{"line":18,"column":6},"end":{"line":18,"column":23}},"8":{"start":{"line":19,"column":6},"end":{"line":19,"column":64}},"9":{"start":{"line":19,"column":23},"end":{"line":19,"column":64}},"10":{"start":{"line":20,"column":6},"end":{"line":20,"column":72}},"11":{"start":{"line":20,"column":20},"end":{"line":20,"column":72}},"12":{"start":{"line":22,"column":4},"end":{"line":22,"column":32}},"13":{"start":{"line":22,"column":14},"end":{"line":22,"column":32}},"14":{"start":{"line":23,"column":4},"end":{"line":23,"column":50}},"15":{"start":{"line":23,"column":20},"end":{"line":23,"column":50}},"16":{"start":{"line":24,"column":4},"end":{"line":24,"column":38}},"17":{"start":{"line":24,"column":16},"end":{"line":24,"column":38}},"18":{"start":{"line":25,"column":4},"end":{"line":25,"column":24}},"19":{"start":{"line":27,"column":24},"end":{"line":30,"column":26}},"20":{"start":{"line":32,"column":4},"end":{"line":32,"column":58}},"21":{"start":{"line":34,"column":4},"end":{"line":34,"column":62}},"22":{"start":{"line":35,"column":4},"end":{"line":35,"column":76}},"23":{"start":{"line":47,"column":18},"end":{"line":97,"column":1}},"24":{"start":{"line":48,"column":2},"end":{"line":96,"column":3}},"25":{"start":{"line":49,"column":19},"end":{"line":49,"column":70}},"26":{"start":{"line":50,"column":22},"end":{"line":50,"column":24}},"27":{"start":{"line":51,"column":4},"end":{"line":55,"column":5}},"28":{"start":{"line":52,"column":6},"end":{"line":52,"column":54}},"29":{"start":{"line":54,"column":6},"end":{"line":54,"column":79}},"30":{"start":{"line":57,"column":29},"end":{"line":57,"column":30}},"31":{"start":{"line":58,"column":29},"end":{"line":58,"column":30}},"32":{"start":{"line":59,"column":31},"end":{"line":59,"column":32}},"33":{"start":{"line":60,"column":31},"end":{"line":60,"column":32}},"34":{"start":{"line":62,"column":4},"end":{"line":79,"column":7}},"35":{"start":{"line":63,"column":20},"end":{"line":63,"column":75}},"36":{"start":{"line":64,"column":24},"end":{"line":64,"column":44}},"37":{"start":{"line":66,"column":6},"end":{"line":78,"column":7}},"38":{"start":{"line":67,"column":8},"end":{"line":71,"column":9}},"39":{"start":{"line":68,"column":10},"end":{"line":68,"column":84}},"40":{"start":{"line":70,"column":10},"end":{"line":70,"column":84}},"41":{"start":{"line":73,"column":8},"end":{"line":77,"column":9}},"42":{"start":{"line":74,"column":10},"end":{"line":74,"column":88}},"43":{"start":{"line":76,"column":10},"end":{"line":76,"column":88}},"44":{"start":{"line":81,"column":4},"end":{"line":92,"column":7}},"45":{"start":{"line":94,"column":4},"end":{"line":94,"column":53}},"46":{"start":{"line":95,"column":4},"end":{"line":95,"column":76}},"47":{"start":{"line":99,"column":29},"end":{"line":133,"column":1}},"48":{"start":{"line":100,"column":2},"end":{"line":132,"column":3}},"49":{"start":{"line":101,"column":4},"end":{"line":103,"column":5}},"50":{"start":{"line":102,"column":6},"end":{"line":102,"column":89}},"51":{"start":{"line":105,"column":83},"end":{"line":105,"column":97}},"52":{"start":{"line":107,"column":4},"end":{"line":109,"column":5}},"53":{"start":{"line":108,"column":6},"end":{"line":108,"column":91}},"54":{"start":{"line":111,"column":21},"end":{"line":111,"column":34}},"55":{"start":{"line":112,"column":4},"end":{"line":114,"column":5}},"56":{"start":{"line":113,"column":6},"end":{"line":113,"column":94}},"57":{"start":{"line":116,"column":23},"end":{"line":125,"column":6}},"58":{"start":{"line":127,"column":4},"end":{"line":127,"column":28}},"59":{"start":{"line":128,"column":4},"end":{"line":128,"column":69}},"60":{"start":{"line":130,"column":4},"end":{"line":130,"column":64}},"61":{"start":{"line":131,"column":4},"end":{"line":131,"column":76}},"62":{"start":{"line":135,"column":29},"end":{"line":167,"column":1}},"63":{"start":{"line":136,"column":2},"end":{"line":166,"column":3}},"64":{"start":{"line":137,"column":4},"end":{"line":139,"column":5}},"65":{"start":{"line":138,"column":6},"end":{"line":138,"column":89}},"66":{"start":{"line":141,"column":19},"end":{"line":141,"column":35}},"67":{"start":{"line":143,"column":4},"end":{"line":145,"column":5}},"68":{"start":{"line":144,"column":6},"end":{"line":144,"column":79}},"69":{"start":{"line":147,"column":23},"end":{"line":147,"column":46}},"70":{"start":{"line":149,"column":4},"end":{"line":151,"column":5}},"71":{"start":{"line":150,"column":6},"end":{"line":150,"column":91}},"72":{"start":{"line":153,"column":4},"end":{"line":155,"column":5}},"73":{"start":{"line":154,"column":6},"end":{"line":154,"column":90}},"74":{"start":{"line":157,"column":4},"end":{"line":157,"column":30}},"75":{"start":{"line":158,"column":4},"end":{"line":158,"column":42}},"76":{"start":{"line":159,"column":4},"end":{"line":159,"column":45}},"77":{"start":{"line":160,"column":4},"end":{"line":160,"column":28}},"78":{"start":{"line":162,"column":4},"end":{"line":162,"column":72}},"79":{"start":{"line":164,"column":4},"end":{"line":164,"column":64}},"80":{"start":{"line":165,"column":4},"end":{"line":165,"column":76}},"81":{"start":{"line":169,"column":25},"end":{"line":207,"column":1}},"82":{"start":{"line":170,"column":2},"end":{"line":206,"column":3}},"83":{"start":{"line":171,"column":4},"end":{"line":173,"column":5}},"84":{"start":{"line":172,"column":6},"end":{"line":172,"column":89}},"85":{"start":{"line":175,"column":23},"end":{"line":175,"column":51}},"86":{"start":{"line":177,"column":4},"end":{"line":179,"column":5}},"87":{"start":{"line":178,"column":6},"end":{"line":178,"column":86}},"88":{"start":{"line":181,"column":17},"end":{"line":181,"column":39}},"89":{"start":{"line":183,"column":4},"end":{"line":192,"column":5}},"90":{"start":{"line":184,"column":6},"end":{"line":188,"column":9}},"91":{"start":{"line":190,"column":6},"end":{"line":190,"column":42}},"92":{"start":{"line":191,"column":6},"end":{"line":191,"column":42}},"93":{"start":{"line":194,"column":4},"end":{"line":194,"column":24}},"94":{"start":{"line":196,"column":4},"end":{"line":202,"column":7}},"95":{"start":{"line":204,"column":4},"end":{"line":204,"column":60}},"96":{"start":{"line":205,"column":4},"end":{"line":205,"column":76}},"97":{"start":{"line":209,"column":22},"end":{"line":228,"column":1}},"98":{"start":{"line":210,"column":2},"end":{"line":227,"column":3}},"99":{"start":{"line":211,"column":17},"end":{"line":211,"column":39}},"100":{"start":{"line":213,"column":4},"end":{"line":215,"column":5}},"101":{"start":{"line":214,"column":6},"end":{"line":214,"column":70}},"102":{"start":{"line":217,"column":4},"end":{"line":223,"column":7}},"103":{"start":{"line":225,"column":4},"end":{"line":225,"column":57}},"104":{"start":{"line":226,"column":4},"end":{"line":226,"column":76}},"105":{"start":{"line":230,"column":0},"end":{"line":237,"column":2}}},"fnMap":{"0":{"name":"(anonymous_0)","decl":{"start":{"line":12,"column":27},"end":{"line":12,"column":28}},"loc":{"start":{"line":12,"column":53},"end":{"line":37,"column":1}},"line":12},"1":{"name":"(anonymous_1)","decl":{"start":{"line":47,"column":18},"end":{"line":47,"column":19}},"loc":{"start":{"line":47,"column":44},"end":{"line":97,"column":1}},"line":47},"2":{"name":"(anonymous_2)","decl":{"start":{"line":62,"column":24},"end":{"line":62,"column":25}},"loc":{"start":{"line":62,"column":29},"end":{"line":79,"column":5}},"line":62},"3":{"name":"(anonymous_3)","decl":{"start":{"line":99,"column":29},"end":{"line":99,"column":30}},"loc":{"start":{"line":99,"column":55},"end":{"line":133,"column":1}},"line":99},"4":{"name":"(anonymous_4)","decl":{"start":{"line":135,"column":29},"end":{"line":135,"column":30}},"loc":{"start":{"line":135,"column":55},"end":{"line":167,"column":1}},"line":135},"5":{"name":"(anonymous_5)","decl":{"start":{"line":169,"column":25},"end":{"line":169,"column":26}},"loc":{"start":{"line":169,"column":51},"end":{"line":207,"column":1}},"line":169},"6":{"name":"(anonymous_6)","decl":{"start":{"line":209,"column":22},"end":{"line":209,"column":23}},"loc":{"start":{"line":209,"column":48},"end":{"line":228,"column":1}},"line":209}},"branchMap":{"0":{"loc":{"start":{"line":14,"column":64},"end":{"line":14,"column":79}},"type":"binary-expr","locations":[{"start":{"line":14,"column":64},"end":{"line":14,"column":73}},{"start":{"line":14,"column":77},"end":{"line":14,"column":79}}],"line":14},"1":{"loc":{"start":{"line":17,"column":4},"end":{"line":21,"column":5}},"type":"if","locations":[{"start":{"line":17,"column":4},"end":{"line":21,"column":5}},{"start":{},"end":{}}],"line":17},"2":{"loc":{"start":{"line":17,"column":8},"end":{"line":17,"column":31}},"type":"binary-expr","locations":[{"start":{"line":17,"column":8},"end":{"line":17,"column":19}},{"start":{"line":17,"column":23},"end":{"line":17,"column":31}}],"line":17},"3":{"loc":{"start":{"line":19,"column":6},"end":{"line":19,"column":64}},"type":"if","locations":[{"start":{"line":19,"column":6},"end":{"line":19,"column":64}},{"start":{},"end":{}}],"line":19},"4":{"loc":{"start":{"line":20,"column":6},"end":{"line":20,"column":72}},"type":"if","locations":[{"start":{"line":20,"column":6},"end":{"line":20,"column":72}},{"start":{},"end":{}}],"line":20},"5":{"loc":{"start":{"line":22,"column":4},"end":{"line":22,"column":32}},"type":"if","locations":[{"start":{"line":22,"column":4},"end":{"line":22,"column":32}},{"start":{},"end":{}}],"line":22},"6":{"loc":{"start":{"line":23,"column":4},"end":{"line":23,"column":50}},"type":"if","locations":[{"start":{"line":23,"column":4},"end":{"line":23,"column":50}},{"start":{},"end":{}}],"line":23},"7":{"loc":{"start":{"line":24,"column":4},"end":{"line":24,"column":38}},"type":"if","locations":[{"start":{"line":24,"column":4},"end":{"line":24,"column":38}},{"start":{},"end":{}}],"line":24},"8":{"loc":{"start":{"line":49,"column":19},"end":{"line":49,"column":70}},"type":"binary-expr","locations":[{"start":{"line":49,"column":19},"end":{"line":49,"column":41}},{"start":{"line":49,"column":45},"end":{"line":49,"column":70}}],"line":49},"9":{"loc":{"start":{"line":63,"column":20},"end":{"line":63,"column":75}},"type":"cond-expr","locations":[{"start":{"line":63,"column":42},"end":{"line":63,"column":57}},{"start":{"line":63,"column":62},"end":{"line":63,"column":74}}],"line":63},"10":{"loc":{"start":{"line":63,"column":42},"end":{"line":63,"column":57}},"type":"binary-expr","locations":[{"start":{"line":63,"column":42},"end":{"line":63,"column":52}},{"start":{"line":63,"column":56},"end":{"line":63,"column":57}}],"line":63},"11":{"loc":{"start":{"line":63,"column":62},"end":{"line":63,"column":74}},"type":"binary-expr","locations":[{"start":{"line":63,"column":62},"end":{"line":63,"column":69}},{"start":{"line":63,"column":73},"end":{"line":63,"column":74}}],"line":63},"12":{"loc":{"start":{"line":66,"column":6},"end":{"line":78,"column":7}},"type":"if","locations":[{"start":{"line":66,"column":6},"end":{"line":78,"column":7}},{"start":{"line":72,"column":13},"end":{"line":78,"column":7}}],"line":66},"13":{"loc":{"start":{"line":67,"column":8},"end":{"line":71,"column":9}},"type":"if","locations":[{"start":{"line":67,"column":8},"end":{"line":71,"column":9}},{"start":{"line":69,"column":15},"end":{"line":71,"column":9}}],"line":67},"14":{"loc":{"start":{"line":68,"column":10},"end":{"line":68,"column":83}},"type":"cond-expr","locations":[{"start":{"line":68,"column":23},"end":{"line":68,"column":50}},{"start":{"line":68,"column":55},"end":{"line":68,"column":82}}],"line":68},"15":{"loc":{"start":{"line":70,"column":10},"end":{"line":70,"column":83}},"type":"cond-expr","locations":[{"start":{"line":70,"column":23},"end":{"line":70,"column":50}},{"start":{"line":70,"column":55},"end":{"line":70,"column":82}}],"line":70},"16":{"loc":{"start":{"line":73,"column":8},"end":{"line":77,"column":9}},"type":"if","locations":[{"start":{"line":73,"column":8},"end":{"line":77,"column":9}},{"start":{"line":75,"column":15},"end":{"line":77,"column":9}}],"line":73},"17":{"loc":{"start":{"line":74,"column":10},"end":{"line":74,"column":87}},"type":"cond-expr","locations":[{"start":{"line":74,"column":23},"end":{"line":74,"column":52}},{"start":{"line":74,"column":57},"end":{"line":74,"column":86}}],"line":74},"18":{"loc":{"start":{"line":76,"column":10},"end":{"line":76,"column":87}},"type":"cond-expr","locations":[{"start":{"line":76,"column":23},"end":{"line":76,"column":52}},{"start":{"line":76,"column":57},"end":{"line":76,"column":86}}],"line":76},"19":{"loc":{"start":{"line":90,"column":25},"end":{"line":90,"column":55}},"type":"binary-expr","locations":[{"start":{"line":90,"column":25},"end":{"line":90,"column":47}},{"start":{"line":90,"column":51},"end":{"line":90,"column":55}}],"line":90},"20":{"loc":{"start":{"line":101,"column":4},"end":{"line":103,"column":5}},"type":"if","locations":[{"start":{"line":101,"column":4},"end":{"line":103,"column":5}},{"start":{},"end":{}}],"line":101},"21":{"loc":{"start":{"line":101,"column":8},"end":{"line":101,"column":33}},"type":"binary-expr","locations":[{"start":{"line":101,"column":8},"end":{"line":101,"column":17}},{"start":{"line":101,"column":21},"end":{"line":101,"column":33}}],"line":101},"22":{"loc":{"start":{"line":105,"column":83},"end":{"line":105,"column":97}},"type":"binary-expr","locations":[{"start":{"line":105,"column":83},"end":{"line":105,"column":91}},{"start":{"line":105,"column":95},"end":{"line":105,"column":97}}],"line":105},"23":{"loc":{"start":{"line":107,"column":4},"end":{"line":109,"column":5}},"type":"if","locations":[{"start":{"line":107,"column":4},"end":{"line":109,"column":5}},{"start":{},"end":{}}],"line":107},"24":{"loc":{"start":{"line":107,"column":8},"end":{"line":107,"column":80}},"type":"binary-expr","locations":[{"start":{"line":107,"column":8},"end":{"line":107,"column":13}},{"start":{"line":107,"column":17},"end":{"line":107,"column":28}},{"start":{"line":107,"column":32},"end":{"line":107,"column":39}},{"start":{"line":107,"column":43},"end":{"line":107,"column":49}},{"start":{"line":107,"column":53},"end":{"line":107,"column":62}},{"start":{"line":107,"column":66},"end":{"line":107,"column":80}}],"line":107},"25":{"loc":{"start":{"line":112,"column":4},"end":{"line":114,"column":5}},"type":"if","locations":[{"start":{"line":112,"column":4},"end":{"line":114,"column":5}},{"start":{},"end":{}}],"line":112},"26":{"loc":{"start":{"line":112,"column":8},"end":{"line":112,"column":34}},"type":"binary-expr","locations":[{"start":{"line":112,"column":8},"end":{"line":112,"column":17}},{"start":{"line":112,"column":21},"end":{"line":112,"column":34}}],"line":112},"27":{"loc":{"start":{"line":120,"column":13},"end":{"line":120,"column":31}},"type":"binary-expr","locations":[{"start":{"line":120,"column":13},"end":{"line":120,"column":26}},{"start":{"line":120,"column":30},"end":{"line":120,"column":31}}],"line":120},"28":{"loc":{"start":{"line":121,"column":16},"end":{"line":121,"column":62}},"type":"cond-expr","locations":[{"start":{"line":121,"column":36},"end":{"line":121,"column":57}},{"start":{"line":121,"column":61},"end":{"line":121,"column":62}}],"line":121},"29":{"loc":{"start":{"line":121,"column":36},"end":{"line":121,"column":57}},"type":"binary-expr","locations":[{"start":{"line":121,"column":36},"end":{"line":121,"column":52}},{"start":{"line":121,"column":56},"end":{"line":121,"column":57}}],"line":121},"30":{"loc":{"start":{"line":137,"column":4},"end":{"line":139,"column":5}},"type":"if","locations":[{"start":{"line":137,"column":4},"end":{"line":139,"column":5}},{"start":{},"end":{}}],"line":137},"31":{"loc":{"start":{"line":137,"column":8},"end":{"line":137,"column":33}},"type":"binary-expr","locations":[{"start":{"line":137,"column":8},"end":{"line":137,"column":17}},{"start":{"line":137,"column":21},"end":{"line":137,"column":33}}],"line":137},"32":{"loc":{"start":{"line":141,"column":19},"end":{"line":141,"column":35}},"type":"binary-expr","locations":[{"start":{"line":141,"column":19},"end":{"line":141,"column":29}},{"start":{"line":141,"column":33},"end":{"line":141,"column":35}}],"line":141},"33":{"loc":{"start":{"line":143,"column":4},"end":{"line":145,"column":5}},"type":"if","locations":[{"start":{"line":143,"column":4},"end":{"line":145,"column":5}},{"start":{},"end":{}}],"line":143},"34":{"loc":{"start":{"line":149,"column":4},"end":{"line":151,"column":5}},"type":"if","locations":[{"start":{"line":149,"column":4},"end":{"line":151,"column":5}},{"start":{},"end":{}}],"line":149},"35":{"loc":{"start":{"line":153,"column":4},"end":{"line":155,"column":5}},"type":"if","locations":[{"start":{"line":153,"column":4},"end":{"line":155,"column":5}},{"start":{},"end":{}}],"line":153},"36":{"loc":{"start":{"line":171,"column":4},"end":{"line":173,"column":5}},"type":"if","locations":[{"start":{"line":171,"column":4},"end":{"line":173,"column":5}},{"start":{},"end":{}}],"line":171},"37":{"loc":{"start":{"line":171,"column":8},"end":{"line":171,"column":33}},"type":"binary-expr","locations":[{"start":{"line":171,"column":8},"end":{"line":171,"column":17}},{"start":{"line":171,"column":21},"end":{"line":171,"column":33}}],"line":171},"38":{"loc":{"start":{"line":177,"column":4},"end":{"line":179,"column":5}},"type":"if","locations":[{"start":{"line":177,"column":4},"end":{"line":179,"column":5}},{"start":{},"end":{}}],"line":177},"39":{"loc":{"start":{"line":177,"column":8},"end":{"line":177,"column":38}},"type":"binary-expr","locations":[{"start":{"line":177,"column":8},"end":{"line":177,"column":19}},{"start":{"line":177,"column":23},"end":{"line":177,"column":38}}],"line":177},"40":{"loc":{"start":{"line":183,"column":4},"end":{"line":192,"column":5}},"type":"if","locations":[{"start":{"line":183,"column":4},"end":{"line":192,"column":5}},{"start":{"line":189,"column":11},"end":{"line":192,"column":5}}],"line":183},"41":{"loc":{"start":{"line":213,"column":4},"end":{"line":215,"column":5}},"type":"if","locations":[{"start":{"line":213,"column":4},"end":{"line":215,"column":5}},{"start":{},"end":{}}],"line":213},"42":{"loc":{"start":{"line":220,"column":25},"end":{"line":220,"column":55}},"type":"binary-expr","locations":[{"start":{"line":220,"column":25},"end":{"line":220,"column":47}},{"start":{"line":220,"column":51},"end":{"line":220,"column":55}}],"line":220}},"s":{"0":0,"1":0,"2":0,"3":0,"4":0,"5":0,"6":0,"7":0,"8":0,"9":0,"10":0,"11":0,"12":0,"13":0,"14":0,"15":0,"16":0,"17":0,"18":0,"19":0,"20":0,"21":0,"22":0,"23":0,"24":0,"25":0,"26":0,"27":0,"28":0,"29":0,"30":0,"31":0,"32":0,"33":0,"34":0,"35":0,"36":0,"37":0,"38":0,"39":0,"40":0,"41":0,"42":0,"43":0,"44":0,"45":0,"46":0,"47":0,"48":0,"49":0,"50":0,"51":0,"52":0,"53":0,"54":0,"55":0,"56":0,"57":0,"58":0,"59":0,"60":0,"61":0,"62":0,"63":0,"64":0,"65":0,"66":0,"67":0,"68":0,"69":0,"70":0,"71":0,"72":0,"73":0,"74":0,"75":0,"76":0,"77":0,"78":0,"79":0,"80":0,"81":0,"82":0,"83":0,"84":0,"85":0,"86":0,"87":0,"88":0,"89":0,"90":0,"91":0,"92":0,"93":0,"94":0,"95":0,"96":0,"97":0,"98":0,"99":0,"100":0,"101":0,"102":0,"103":0,"104":0,"105":0},"f":{"0":0,"1":0,"2":0,"3":0,"4":0,"5":0,"6":0},"b":{"0":[0,0],"1":[0,0],"2":[0,0],"3":[0,0],"4":[0,0],"5":[0,0],"6":[0,0],"7":[0,0],"8":[0,0],"9":[0,0],"10":[0,0],"11":[0,0],"12":[0,0],"13":[0,0],"14":[0,0],"15":[0,0],"16":[0,0],"17":[0,0],"18":[0,0],"19":[0,0],"20":[0,0],"21":[0,0],"22":[0,0],"23":[0,0],"24":[0,0,0,0,0,0],"25":[0,0],"26":[0,0],"27":[0,0],"28":[0,0],"29":[0,0],"30":[0,0],"31":[0,0],"32":[0,0],"33":[0,0],"34":[0,0],"35":[0,0],"36":[0,0],"37":[0,0],"38":[0,0],"39":[0,0],"40":[0,0],"41":[0,0],"42":[0,0]}}
,"C:\\Users\\54233\\Documents\\sistemaGestion\\backend\\controllers\\clienteController.js": {"path":"C:\\Users\\54233\\Documents\\sistemaGestion\\backend\\controllers\\clienteController.js","statementMap":{"0":{"start":{"line":1,"column":16},"end":{"line":1,"column":44}},"1":{"start":{"line":10,"column":20},"end":{"line":17,"column":1}},"2":{"start":{"line":11,"column":2},"end":{"line":16,"column":3}},"3":{"start":{"line":12,"column":21},"end":{"line":12,"column":57}},"4":{"start":{"line":13,"column":4},"end":{"line":13,"column":23}},"5":{"start":{"line":15,"column":4},"end":{"line":15,"column":53}},"6":{"start":{"line":26,"column":22},"end":{"line":34,"column":1}},"7":{"start":{"line":27,"column":2},"end":{"line":33,"column":3}},"8":{"start":{"line":28,"column":20},"end":{"line":28,"column":41}},"9":{"start":{"line":29,"column":4},"end":{"line":29,"column":25}},"10":{"start":{"line":30,"column":4},"end":{"line":30,"column":34}},"11":{"start":{"line":32,"column":4},"end":{"line":32,"column":53}},"12":{"start":{"line":43,"column":22},"end":{"line":55,"column":1}},"13":{"start":{"line":44,"column":2},"end":{"line":54,"column":3}},"14":{"start":{"line":45,"column":20},"end":{"line":49,"column":5}},"15":{"start":{"line":50,"column":4},"end":{"line":50,"column":84}},"16":{"start":{"line":50,"column":18},"end":{"line":50,"column":84}},"17":{"start":{"line":51,"column":4},"end":{"line":51,"column":22}},"18":{"start":{"line":53,"column":4},"end":{"line":53,"column":53}},"19":{"start":{"line":64,"column":22},"end":{"line":76,"column":1}},"20":{"start":{"line":65,"column":2},"end":{"line":75,"column":3}},"21":{"start":{"line":66,"column":20},"end":{"line":70,"column":5}},"22":{"start":{"line":71,"column":4},"end":{"line":71,"column":84}},"23":{"start":{"line":71,"column":18},"end":{"line":71,"column":84}},"24":{"start":{"line":72,"column":4},"end":{"line":72,"column":47}},"25":{"start":{"line":74,"column":4},"end":{"line":74,"column":53}},"26":{"start":{"line":78,"column":0},"end":{"line":83,"column":2}}},"fnMap":{"0":{"name":"(anonymous_0)","decl":{"start":{"line":10,"column":20},"end":{"line":10,"column":21}},"loc":{"start":{"line":10,"column":40},"end":{"line":17,"column":1}},"line":10},"1":{"name":"(anonymous_1)","decl":{"start":{"line":26,"column":22},"end":{"line":26,"column":23}},"loc":{"start":{"line":26,"column":42},"end":{"line":34,"column":1}},"line":26},"2":{"name":"(anonymous_2)","decl":{"start":{"line":43,"column":22},"end":{"line":43,"column":23}},"loc":{"start":{"line":43,"column":42},"end":{"line":55,"column":1}},"line":43},"3":{"name":"(anonymous_3)","decl":{"start":{"line":64,"column":22},"end":{"line":64,"column":23}},"loc":{"start":{"line":64,"column":42},"end":{"line":76,"column":1}},"line":64}},"branchMap":{"0":{"loc":{"start":{"line":50,"column":4},"end":{"line":50,"column":84}},"type":"if","locations":[{"start":{"line":50,"column":4},"end":{"line":50,"column":84}},{"start":{},"end":{}}],"line":50},"1":{"loc":{"start":{"line":71,"column":4},"end":{"line":71,"column":84}},"type":"if","locations":[{"start":{"line":71,"column":4},"end":{"line":71,"column":84}},{"start":{},"end":{}}],"line":71}},"s":{"0":0,"1":0,"2":0,"3":0,"4":0,"5":0,"6":0,"7":0,"8":0,"9":0,"10":0,"11":0,"12":0,"13":0,"14":0,"15":0,"16":0,"17":0,"18":0,"19":0,"20":0,"21":0,"22":0,"23":0,"24":0,"25":0,"26":0},"f":{"0":0,"1":0,"2":0,"3":0},"b":{"0":[0,0],"1":[0,0]}}
,"C:\\Users\\54233\\Documents\\sistemaGestion\\backend\\controllers\\comprobanteController.js": {"path":"C:\\Users\\54233\\Documents\\sistemaGestion\\backend\\controllers\\comprobanteController.js","statementMap":{"0":{"start":{"line":1,"column":20},"end":{"line":1,"column":52}},"1":{"start":{"line":2,"column":16},"end":{"line":2,"column":44}},"2":{"start":{"line":3,"column":24},"end":{"line":3,"column":60}},"3":{"start":{"line":4,"column":20},"end":{"line":4,"column":50}},"4":{"start":{"line":6,"column":24},"end":{"line":29,"column":1}},"5":{"start":{"line":7,"column":2},"end":{"line":28,"column":3}},"6":{"start":{"line":8,"column":68},"end":{"line":8,"column":77}},"7":{"start":{"line":9,"column":18},"end":{"line":9,"column":29}},"8":{"start":{"line":11,"column":4},"end":{"line":11,"column":32}},"9":{"start":{"line":11,"column":14},"end":{"line":11,"column":32}},"10":{"start":{"line":12,"column":4},"end":{"line":12,"column":35}},"11":{"start":{"line":12,"column":15},"end":{"line":12,"column":35}},"12":{"start":{"line":13,"column":4},"end":{"line":13,"column":38}},"13":{"start":{"line":13,"column":16},"end":{"line":13,"column":38}},"14":{"start":{"line":14,"column":4},"end":{"line":14,"column":54}},"15":{"start":{"line":14,"column":17},"end":{"line":14,"column":54}},"16":{"start":{"line":15,"column":4},"end":{"line":19,"column":5}},"17":{"start":{"line":16,"column":6},"end":{"line":16,"column":27}},"18":{"start":{"line":17,"column":6},"end":{"line":17,"column":56}},"19":{"start":{"line":17,"column":17},"end":{"line":17,"column":56}},"20":{"start":{"line":18,"column":6},"end":{"line":18,"column":70}},"21":{"start":{"line":18,"column":17},"end":{"line":18,"column":70}},"22":{"start":{"line":21,"column":25},"end":{"line":23,"column":30}},"23":{"start":{"line":25,"column":4},"end":{"line":25,"column":27}},"24":{"start":{"line":27,"column":4},"end":{"line":27,"column":53}},"25":{"start":{"line":31,"column":27},"end":{"line":42,"column":1}},"26":{"start":{"line":32,"column":2},"end":{"line":41,"column":3}},"27":{"start":{"line":33,"column":24},"end":{"line":35,"column":68}},"28":{"start":{"line":37,"column":4},"end":{"line":37,"column":92}},"29":{"start":{"line":37,"column":22},"end":{"line":37,"column":92}},"30":{"start":{"line":38,"column":4},"end":{"line":38,"column":26}},"31":{"start":{"line":40,"column":4},"end":{"line":40,"column":53}},"32":{"start":{"line":44,"column":26},"end":{"line":119,"column":1}},"33":{"start":{"line":45,"column":2},"end":{"line":118,"column":3}},"34":{"start":{"line":46,"column":79},"end":{"line":46,"column":87}},"35":{"start":{"line":48,"column":20},"end":{"line":48,"column":53}},"36":{"start":{"line":49,"column":4},"end":{"line":49,"column":84}},"37":{"start":{"line":49,"column":18},"end":{"line":49,"column":84}},"38":{"start":{"line":51,"column":22},"end":{"line":51,"column":27}},"39":{"start":{"line":52,"column":4},"end":{"line":54,"column":5}},"40":{"start":{"line":53,"column":6},"end":{"line":53,"column":72}},"41":{"start":{"line":56,"column":19},"end":{"line":57,"column":27}},"42":{"start":{"line":58,"column":28},"end":{"line":58,"column":58}},"43":{"start":{"line":59,"column":23},"end":{"line":59,"column":84}},"44":{"start":{"line":61,"column":24},"end":{"line":66,"column":6}},"45":{"start":{"line":68,"column":4},"end":{"line":68,"column":29}},"46":{"start":{"line":70,"column":4},"end":{"line":103,"column":5}},"47":{"start":{"line":71,"column":6},"end":{"line":102,"column":7}},"48":{"start":{"line":72,"column":21},"end":{"line":77,"column":10}},"49":{"start":{"line":79,"column":8},"end":{"line":91,"column":9}},"50":{"start":{"line":80,"column":10},"end":{"line":89,"column":13}},"51":{"start":{"line":90,"column":10},"end":{"line":90,"column":30}},"52":{"start":{"line":93,"column":8},"end":{"line":99,"column":11}},"53":{"start":{"line":101,"column":8},"end":{"line":101,"column":65}},"54":{"start":{"line":105,"column":4},"end":{"line":112,"column":5}},"55":{"start":{"line":106,"column":6},"end":{"line":111,"column":9}},"56":{"start":{"line":114,"column":4},"end":{"line":114,"column":38}},"57":{"start":{"line":116,"column":4},"end":{"line":116,"column":53}},"58":{"start":{"line":117,"column":4},"end":{"line":117,"column":53}},"59":{"start":{"line":121,"column":26},"end":{"line":134,"column":1}},"60":{"start":{"line":122,"column":2},"end":{"line":133,"column":3}},"61":{"start":{"line":123,"column":24},"end":{"line":127,"column":5}},"62":{"start":{"line":128,"column":4},"end":{"line":128,"column":92}},"63":{"start":{"line":128,"column":22},"end":{"line":128,"column":92}},"64":{"start":{"line":130,"column":4},"end":{"line":130,"column":26}},"65":{"start":{"line":132,"column":4},"end":{"line":132,"column":53}},"66":{"start":{"line":136,"column":25},"end":{"line":152,"column":1}},"67":{"start":{"line":137,"column":2},"end":{"line":151,"column":3}},"68":{"start":{"line":138,"column":24},"end":{"line":138,"column":65}},"69":{"start":{"line":139,"column":4},"end":{"line":139,"column":92}},"70":{"start":{"line":139,"column":22},"end":{"line":139,"column":92}},"71":{"start":{"line":141,"column":4},"end":{"line":143,"column":5}},"72":{"start":{"line":142,"column":6},"end":{"line":142,"column":104}},"73":{"start":{"line":145,"column":4},"end":{"line":145,"column":35}},"74":{"start":{"line":146,"column":4},"end":{"line":146,"column":29}},"75":{"start":{"line":148,"column":4},"end":{"line":148,"column":26}},"76":{"start":{"line":150,"column":4},"end":{"line":150,"column":53}},"77":{"start":{"line":154,"column":25},"end":{"line":176,"column":1}},"78":{"start":{"line":155,"column":2},"end":{"line":175,"column":3}},"79":{"start":{"line":156,"column":23},"end":{"line":156,"column":31}},"80":{"start":{"line":157,"column":24},"end":{"line":157,"column":65}},"81":{"start":{"line":158,"column":4},"end":{"line":158,"column":92}},"82":{"start":{"line":158,"column":22},"end":{"line":158,"column":92}},"83":{"start":{"line":160,"column":4},"end":{"line":162,"column":5}},"84":{"start":{"line":161,"column":6},"end":{"line":161,"column":73}},"85":{"start":{"line":164,"column":4},"end":{"line":166,"column":5}},"86":{"start":{"line":165,"column":6},"end":{"line":165,"column":91}},"87":{"start":{"line":168,"column":4},"end":{"line":168,"column":35}},"88":{"start":{"line":169,"column":4},"end":{"line":169,"column":32}},"89":{"start":{"line":170,"column":4},"end":{"line":170,"column":29}},"90":{"start":{"line":172,"column":4},"end":{"line":172,"column":26}},"91":{"start":{"line":174,"column":4},"end":{"line":174,"column":53}},"92":{"start":{"line":178,"column":25},"end":{"line":199,"column":1}},"93":{"start":{"line":179,"column":2},"end":{"line":198,"column":3}},"94":{"start":{"line":180,"column":37},"end":{"line":180,"column":46}},"95":{"start":{"line":182,"column":23},"end":{"line":182,"column":54}},"96":{"start":{"line":183,"column":4},"end":{"line":183,"column":87}},"97":{"start":{"line":183,"column":21},"end":{"line":183,"column":87}},"98":{"start":{"line":185,"column":19},"end":{"line":186,"column":27}},"99":{"start":{"line":188,"column":19},"end":{"line":188,"column":49}},"100":{"start":{"line":189,"column":23},"end":{"line":189,"column":64}},"101":{"start":{"line":191,"column":4},"end":{"line":195,"column":7}},"102":{"start":{"line":197,"column":4},"end":{"line":197,"column":53}},"103":{"start":{"line":201,"column":24},"end":{"line":233,"column":1}},"104":{"start":{"line":202,"column":2},"end":{"line":232,"column":3}},"105":{"start":{"line":203,"column":38},"end":{"line":203,"column":47}},"106":{"start":{"line":204,"column":18},"end":{"line":204,"column":69}},"107":{"start":{"line":206,"column":4},"end":{"line":210,"column":5}},"108":{"start":{"line":207,"column":6},"end":{"line":207,"column":27}},"109":{"start":{"line":208,"column":6},"end":{"line":208,"column":56}},"110":{"start":{"line":208,"column":17},"end":{"line":208,"column":56}},"111":{"start":{"line":209,"column":6},"end":{"line":209,"column":70}},"112":{"start":{"line":209,"column":17},"end":{"line":209,"column":70}},"113":{"start":{"line":212,"column":25},"end":{"line":212,"column":54}},"114":{"start":{"line":214,"column":18},"end":{"line":220,"column":5}},"115":{"start":{"line":222,"column":4},"end":{"line":227,"column":7}},"116":{"start":{"line":223,"column":6},"end":{"line":223,"column":29}},"117":{"start":{"line":224,"column":6},"end":{"line":224,"column":69}},"118":{"start":{"line":225,"column":6},"end":{"line":225,"column":73}},"119":{"start":{"line":226,"column":6},"end":{"line":226,"column":71}},"120":{"start":{"line":229,"column":4},"end":{"line":229,"column":20}},"121":{"start":{"line":231,"column":4},"end":{"line":231,"column":53}},"122":{"start":{"line":235,"column":0},"end":{"line":244,"column":2}}},"fnMap":{"0":{"name":"(anonymous_0)","decl":{"start":{"line":6,"column":24},"end":{"line":6,"column":25}},"loc":{"start":{"line":6,"column":44},"end":{"line":29,"column":1}},"line":6},"1":{"name":"(anonymous_1)","decl":{"start":{"line":31,"column":27},"end":{"line":31,"column":28}},"loc":{"start":{"line":31,"column":47},"end":{"line":42,"column":1}},"line":31},"2":{"name":"(anonymous_2)","decl":{"start":{"line":44,"column":26},"end":{"line":44,"column":27}},"loc":{"start":{"line":44,"column":46},"end":{"line":119,"column":1}},"line":44},"3":{"name":"(anonymous_3)","decl":{"start":{"line":121,"column":26},"end":{"line":121,"column":27}},"loc":{"start":{"line":121,"column":46},"end":{"line":134,"column":1}},"line":121},"4":{"name":"(anonymous_4)","decl":{"start":{"line":136,"column":25},"end":{"line":136,"column":26}},"loc":{"start":{"line":136,"column":45},"end":{"line":152,"column":1}},"line":136},"5":{"name":"(anonymous_5)","decl":{"start":{"line":154,"column":25},"end":{"line":154,"column":26}},"loc":{"start":{"line":154,"column":45},"end":{"line":176,"column":1}},"line":154},"6":{"name":"(anonymous_6)","decl":{"start":{"line":178,"column":25},"end":{"line":178,"column":26}},"loc":{"start":{"line":178,"column":45},"end":{"line":199,"column":1}},"line":178},"7":{"name":"(anonymous_7)","decl":{"start":{"line":201,"column":24},"end":{"line":201,"column":25}},"loc":{"start":{"line":201,"column":44},"end":{"line":233,"column":1}},"line":201},"8":{"name":"(anonymous_8)","decl":{"start":{"line":222,"column":25},"end":{"line":222,"column":26}},"loc":{"start":{"line":222,"column":30},"end":{"line":227,"column":5}},"line":222}},"branchMap":{"0":{"loc":{"start":{"line":11,"column":4},"end":{"line":11,"column":32}},"type":"if","locations":[{"start":{"line":11,"column":4},"end":{"line":11,"column":32}},{"start":{},"end":{}}],"line":11},"1":{"loc":{"start":{"line":12,"column":4},"end":{"line":12,"column":35}},"type":"if","locations":[{"start":{"line":12,"column":4},"end":{"line":12,"column":35}},{"start":{},"end":{}}],"line":12},"2":{"loc":{"start":{"line":13,"column":4},"end":{"line":13,"column":38}},"type":"if","locations":[{"start":{"line":13,"column":4},"end":{"line":13,"column":38}},{"start":{},"end":{}}],"line":13},"3":{"loc":{"start":{"line":14,"column":4},"end":{"line":14,"column":54}},"type":"if","locations":[{"start":{"line":14,"column":4},"end":{"line":14,"column":54}},{"start":{},"end":{}}],"line":14},"4":{"loc":{"start":{"line":15,"column":4},"end":{"line":19,"column":5}},"type":"if","locations":[{"start":{"line":15,"column":4},"end":{"line":19,"column":5}},{"start":{},"end":{}}],"line":15},"5":{"loc":{"start":{"line":15,"column":8},"end":{"line":15,"column":22}},"type":"binary-expr","locations":[{"start":{"line":15,"column":8},"end":{"line":15,"column":13}},{"start":{"line":15,"column":17},"end":{"line":15,"column":22}}],"line":15},"6":{"loc":{"start":{"line":17,"column":6},"end":{"line":17,"column":56}},"type":"if","locations":[{"start":{"line":17,"column":6},"end":{"line":17,"column":56}},{"start":{},"end":{}}],"line":17},"7":{"loc":{"start":{"line":18,"column":6},"end":{"line":18,"column":70}},"type":"if","locations":[{"start":{"line":18,"column":6},"end":{"line":18,"column":70}},{"start":{},"end":{}}],"line":18},"8":{"loc":{"start":{"line":37,"column":4},"end":{"line":37,"column":92}},"type":"if","locations":[{"start":{"line":37,"column":4},"end":{"line":37,"column":92}},{"start":{},"end":{}}],"line":37},"9":{"loc":{"start":{"line":49,"column":4},"end":{"line":49,"column":84}},"type":"if","locations":[{"start":{"line":49,"column":4},"end":{"line":49,"column":84}},{"start":{},"end":{}}],"line":49},"10":{"loc":{"start":{"line":52,"column":4},"end":{"line":54,"column":5}},"type":"if","locations":[{"start":{"line":52,"column":4},"end":{"line":54,"column":5}},{"start":{},"end":{}}],"line":52},"11":{"loc":{"start":{"line":53,"column":20},"end":{"line":53,"column":71}},"type":"cond-expr","locations":[{"start":{"line":53,"column":62},"end":{"line":53,"column":65}},{"start":{"line":53,"column":68},"end":{"line":53,"column":71}}],"line":53},"12":{"loc":{"start":{"line":58,"column":28},"end":{"line":58,"column":58}},"type":"cond-expr","locations":[{"start":{"line":58,"column":37},"end":{"line":58,"column":54}},{"start":{"line":58,"column":57},"end":{"line":58,"column":58}}],"line":58},"13":{"loc":{"start":{"line":59,"column":23},"end":{"line":59,"column":84}},"type":"binary-expr","locations":[{"start":{"line":59,"column":23},"end":{"line":59,"column":42}},{"start":{"line":59,"column":46},"end":{"line":59,"column":79}},{"start":{"line":59,"column":83},"end":{"line":59,"column":84}}],"line":59},"14":{"loc":{"start":{"line":70,"column":4},"end":{"line":103,"column":5}},"type":"if","locations":[{"start":{"line":70,"column":4},"end":{"line":103,"column":5}},{"start":{},"end":{}}],"line":70},"15":{"loc":{"start":{"line":70,"column":8},"end":{"line":70,"column":59}},"type":"binary-expr","locations":[{"start":{"line":70,"column":8},"end":{"line":70,"column":37}},{"start":{"line":70,"column":41},"end":{"line":70,"column":59}}],"line":70},"16":{"loc":{"start":{"line":79,"column":8},"end":{"line":91,"column":9}},"type":"if","locations":[{"start":{"line":79,"column":8},"end":{"line":91,"column":9}},{"start":{},"end":{}}],"line":79},"17":{"loc":{"start":{"line":97,"column":50},"end":{"line":97,"column":72}},"type":"binary-expr","locations":[{"start":{"line":97,"column":50},"end":{"line":97,"column":67}},{"start":{"line":97,"column":71},"end":{"line":97,"column":72}}],"line":97},"18":{"loc":{"start":{"line":98,"column":18},"end":{"line":98,"column":42}},"type":"binary-expr","locations":[{"start":{"line":98,"column":18},"end":{"line":98,"column":33}},{"start":{"line":98,"column":37},"end":{"line":98,"column":42}}],"line":98},"19":{"loc":{"start":{"line":105,"column":4},"end":{"line":112,"column":5}},"type":"if","locations":[{"start":{"line":105,"column":4},"end":{"line":112,"column":5}},{"start":{},"end":{}}],"line":105},"20":{"loc":{"start":{"line":128,"column":4},"end":{"line":128,"column":92}},"type":"if","locations":[{"start":{"line":128,"column":4},"end":{"line":128,"column":92}},{"start":{},"end":{}}],"line":128},"21":{"loc":{"start":{"line":139,"column":4},"end":{"line":139,"column":92}},"type":"if","locations":[{"start":{"line":139,"column":4},"end":{"line":139,"column":92}},{"start":{},"end":{}}],"line":139},"22":{"loc":{"start":{"line":141,"column":4},"end":{"line":143,"column":5}},"type":"if","locations":[{"start":{"line":141,"column":4},"end":{"line":143,"column":5}},{"start":{},"end":{}}],"line":141},"23":{"loc":{"start":{"line":141,"column":8},"end":{"line":141,"column":79}},"type":"binary-expr","locations":[{"start":{"line":141,"column":8},"end":{"line":141,"column":41}},{"start":{"line":141,"column":45},"end":{"line":141,"column":79}}],"line":141},"24":{"loc":{"start":{"line":158,"column":4},"end":{"line":158,"column":92}},"type":"if","locations":[{"start":{"line":158,"column":4},"end":{"line":158,"column":92}},{"start":{},"end":{}}],"line":158},"25":{"loc":{"start":{"line":160,"column":4},"end":{"line":162,"column":5}},"type":"if","locations":[{"start":{"line":160,"column":4},"end":{"line":162,"column":5}},{"start":{},"end":{}}],"line":160},"26":{"loc":{"start":{"line":164,"column":4},"end":{"line":166,"column":5}},"type":"if","locations":[{"start":{"line":164,"column":4},"end":{"line":166,"column":5}},{"start":{},"end":{}}],"line":164},"27":{"loc":{"start":{"line":183,"column":4},"end":{"line":183,"column":87}},"type":"if","locations":[{"start":{"line":183,"column":4},"end":{"line":183,"column":87}},{"start":{},"end":{}}],"line":183},"28":{"loc":{"start":{"line":188,"column":19},"end":{"line":188,"column":49}},"type":"cond-expr","locations":[{"start":{"line":188,"column":28},"end":{"line":188,"column":45}},{"start":{"line":188,"column":48},"end":{"line":188,"column":49}}],"line":188},"29":{"loc":{"start":{"line":189,"column":23},"end":{"line":189,"column":64}},"type":"binary-expr","locations":[{"start":{"line":189,"column":23},"end":{"line":189,"column":59}},{"start":{"line":189,"column":63},"end":{"line":189,"column":64}}],"line":189},"30":{"loc":{"start":{"line":206,"column":4},"end":{"line":210,"column":5}},"type":"if","locations":[{"start":{"line":206,"column":4},"end":{"line":210,"column":5}},{"start":{},"end":{}}],"line":206},"31":{"loc":{"start":{"line":206,"column":8},"end":{"line":206,"column":22}},"type":"binary-expr","locations":[{"start":{"line":206,"column":8},"end":{"line":206,"column":13}},{"start":{"line":206,"column":17},"end":{"line":206,"column":22}}],"line":206},"32":{"loc":{"start":{"line":208,"column":6},"end":{"line":208,"column":56}},"type":"if","locations":[{"start":{"line":208,"column":6},"end":{"line":208,"column":56}},{"start":{},"end":{}}],"line":208},"33":{"loc":{"start":{"line":209,"column":6},"end":{"line":209,"column":70}},"type":"if","locations":[{"start":{"line":209,"column":6},"end":{"line":209,"column":70}},{"start":{},"end":{}}],"line":209},"34":{"loc":{"start":{"line":224,"column":31},"end":{"line":224,"column":57}},"type":"binary-expr","locations":[{"start":{"line":224,"column":31},"end":{"line":224,"column":52}},{"start":{"line":224,"column":56},"end":{"line":224,"column":57}}],"line":224},"35":{"loc":{"start":{"line":225,"column":33},"end":{"line":225,"column":61}},"type":"binary-expr","locations":[{"start":{"line":225,"column":33},"end":{"line":225,"column":56}},{"start":{"line":225,"column":60},"end":{"line":225,"column":61}}],"line":225},"36":{"loc":{"start":{"line":226,"column":35},"end":{"line":226,"column":65}},"type":"binary-expr","locations":[{"start":{"line":226,"column":35},"end":{"line":226,"column":60}},{"start":{"line":226,"column":64},"end":{"line":226,"column":65}}],"line":226}},"s":{"0":0,"1":0,"2":0,"3":0,"4":0,"5":0,"6":0,"7":0,"8":0,"9":0,"10":0,"11":0,"12":0,"13":0,"14":0,"15":0,"16":0,"17":0,"18":0,"19":0,"20":0,"21":0,"22":0,"23":0,"24":0,"25":0,"26":0,"27":0,"28":0,"29":0,"30":0,"31":0,"32":0,"33":0,"34":0,"35":0,"36":0,"37":0,"38":0,"39":0,"40":0,"41":0,"42":0,"43":0,"44":0,"45":0,"46":0,"47":0,"48":0,"49":0,"50":0,"51":0,"52":0,"53":0,"54":0,"55":0,"56":0,"57":0,"58":0,"59":0,"60":0,"61":0,"62":0,"63":0,"64":0,"65":0,"66":0,"67":0,"68":0,"69":0,"70":0,"71":0,"72":0,"73":0,"74":0,"75":0,"76":0,"77":0,"78":0,"79":0,"80":0,"81":0,"82":0,"83":0,"84":0,"85":0,"86":0,"87":0,"88":0,"89":0,"90":0,"91":0,"92":0,"93":0,"94":0,"95":0,"96":0,"97":0,"98":0,"99":0,"100":0,"101":0,"102":0,"103":0,"104":0,"105":0,"106":0,"107":0,"108":0,"109":0,"110":0,"111":0,"112":0,"113":0,"114":0,"115":0,"116":0,"117":0,"118":0,"119":0,"120":0,"121":0,"122":0},"f":{"0":0,"1":0,"2":0,"3":0,"4":0,"5":0,"6":0,"7":0,"8":0},"b":{"0":[0,0],"1":[0,0],"2":[0,0],"3":[0,0],"4":[0,0],"5":[0,0],"6":[0,0],"7":[0,0],"8":[0,0],"9":[0,0],"10":[0,0],"11":[0,0],"12":[0,0],"13":[0,0,0],"14":[0,0],"15":[0,0],"16":[0,0],"17":[0,0],"18":[0,0],"19":[0,0],"20":[0,0],"21":[0,0],"22":[0,0],"23":[0,0],"24":[0,0],"25":[0,0],"26":[0,0],"27":[0,0],"28":[0,0],"29":[0,0],"30":[0,0],"31":[0,0],"32":[0,0],"33":[0,0],"34":[0,0],"35":[0,0],"36":[0,0]}}
,"C:\\Users\\54233\\Documents\\sistemaGestion\\backend\\controllers\\cuentaCorrienteController.js": {"path":"C:\\Users\\54233\\Documents\\sistemaGestion\\backend\\controllers\\cuentaCorrienteController.js","statementMap":{"0":{"start":{"line":1,"column":24},"end":{"line":1,"column":60}},"1":{"start":{"line":3,"column":19},"end":{"line":23,"column":1}},"2":{"start":{"line":4,"column":2},"end":{"line":22,"column":3}},"3":{"start":{"line":5,"column":45},"end":{"line":5,"column":54}},"4":{"start":{"line":6,"column":18},"end":{"line":6,"column":34}},"5":{"start":{"line":8,"column":4},"end":{"line":8,"column":41}},"6":{"start":{"line":8,"column":17},"end":{"line":8,"column":41}},"7":{"start":{"line":9,"column":4},"end":{"line":9,"column":43}},"8":{"start":{"line":9,"column":14},"end":{"line":9,"column":43}},"9":{"start":{"line":10,"column":4},"end":{"line":10,"column":38}},"10":{"start":{"line":10,"column":16},"end":{"line":10,"column":38}},"11":{"start":{"line":11,"column":4},"end":{"line":13,"column":5}},"12":{"start":{"line":12,"column":6},"end":{"line":12,"column":65}},"13":{"start":{"line":15,"column":20},"end":{"line":17,"column":36}},"14":{"start":{"line":19,"column":4},"end":{"line":19,"column":22}},"15":{"start":{"line":21,"column":4},"end":{"line":21,"column":53}},"16":{"start":{"line":25,"column":22},"end":{"line":35,"column":1}},"17":{"start":{"line":26,"column":2},"end":{"line":34,"column":3}},"18":{"start":{"line":27,"column":19},"end":{"line":28,"column":36}},"19":{"start":{"line":30,"column":4},"end":{"line":30,"column":82}},"20":{"start":{"line":30,"column":17},"end":{"line":30,"column":82}},"21":{"start":{"line":31,"column":4},"end":{"line":31,"column":21}},"22":{"start":{"line":33,"column":4},"end":{"line":33,"column":53}},"23":{"start":{"line":37,"column":28},"end":{"line":55,"column":1}},"24":{"start":{"line":38,"column":2},"end":{"line":54,"column":3}},"25":{"start":{"line":39,"column":39},"end":{"line":39,"column":48}},"26":{"start":{"line":41,"column":19},"end":{"line":46,"column":6}},"27":{"start":{"line":48,"column":4},"end":{"line":50,"column":5}},"28":{"start":{"line":49,"column":6},"end":{"line":49,"column":71}},"29":{"start":{"line":51,"column":4},"end":{"line":51,"column":21}},"30":{"start":{"line":53,"column":4},"end":{"line":53,"column":53}},"31":{"start":{"line":57,"column":21},"end":{"line":78,"column":1}},"32":{"start":{"line":58,"column":2},"end":{"line":77,"column":3}},"33":{"start":{"line":59,"column":33},"end":{"line":59,"column":41}},"34":{"start":{"line":61,"column":22},"end":{"line":66,"column":6}},"35":{"start":{"line":68,"column":4},"end":{"line":70,"column":5}},"36":{"start":{"line":69,"column":6},"end":{"line":69,"column":99}},"37":{"start":{"line":72,"column":19},"end":{"line":72,"column":48}},"38":{"start":{"line":73,"column":4},"end":{"line":73,"column":24}},"39":{"start":{"line":74,"column":4},"end":{"line":74,"column":33}},"40":{"start":{"line":76,"column":4},"end":{"line":76,"column":53}},"41":{"start":{"line":80,"column":21},"end":{"line":92,"column":1}},"42":{"start":{"line":81,"column":2},"end":{"line":91,"column":3}},"43":{"start":{"line":82,"column":19},"end":{"line":86,"column":5}},"44":{"start":{"line":87,"column":4},"end":{"line":87,"column":82}},"45":{"start":{"line":87,"column":17},"end":{"line":87,"column":82}},"46":{"start":{"line":88,"column":4},"end":{"line":88,"column":21}},"47":{"start":{"line":90,"column":4},"end":{"line":90,"column":53}},"48":{"start":{"line":94,"column":26},"end":{"line":104,"column":1}},"49":{"start":{"line":95,"column":2},"end":{"line":103,"column":3}},"50":{"start":{"line":96,"column":19},"end":{"line":96,"column":64}},"51":{"start":{"line":97,"column":4},"end":{"line":97,"column":82}},"52":{"start":{"line":97,"column":17},"end":{"line":97,"column":82}},"53":{"start":{"line":99,"column":4},"end":{"line":99,"column":45}},"54":{"start":{"line":100,"column":4},"end":{"line":100,"column":21}},"55":{"start":{"line":102,"column":4},"end":{"line":102,"column":53}},"56":{"start":{"line":106,"column":23},"end":{"line":125,"column":1}},"57":{"start":{"line":107,"column":2},"end":{"line":124,"column":3}},"58":{"start":{"line":108,"column":23},"end":{"line":108,"column":31}},"59":{"start":{"line":109,"column":19},"end":{"line":109,"column":64}},"60":{"start":{"line":110,"column":4},"end":{"line":110,"column":82}},"61":{"start":{"line":110,"column":17},"end":{"line":110,"column":82}},"62":{"start":{"line":112,"column":4},"end":{"line":117,"column":6}},"63":{"start":{"line":118,"column":4},"end":{"line":118,"column":32}},"64":{"start":{"line":120,"column":4},"end":{"line":120,"column":24}},"65":{"start":{"line":121,"column":4},"end":{"line":121,"column":21}},"66":{"start":{"line":123,"column":4},"end":{"line":123,"column":53}},"67":{"start":{"line":127,"column":26},"end":{"line":140,"column":1}},"68":{"start":{"line":128,"column":2},"end":{"line":139,"column":3}},"69":{"start":{"line":129,"column":19},"end":{"line":129,"column":64}},"70":{"start":{"line":130,"column":4},"end":{"line":130,"column":82}},"71":{"start":{"line":130,"column":17},"end":{"line":130,"column":82}},"72":{"start":{"line":132,"column":4},"end":{"line":132,"column":39}},"73":{"start":{"line":133,"column":4},"end":{"line":133,"column":29}},"74":{"start":{"line":135,"column":4},"end":{"line":135,"column":24}},"75":{"start":{"line":136,"column":4},"end":{"line":136,"column":21}},"76":{"start":{"line":138,"column":4},"end":{"line":138,"column":53}},"77":{"start":{"line":142,"column":23},"end":{"line":162,"column":1}},"78":{"start":{"line":143,"column":2},"end":{"line":161,"column":3}},"79":{"start":{"line":144,"column":19},"end":{"line":144,"column":64}},"80":{"start":{"line":145,"column":4},"end":{"line":145,"column":82}},"81":{"start":{"line":145,"column":17},"end":{"line":145,"column":82}},"82":{"start":{"line":147,"column":29},"end":{"line":147,"column":38}},"83":{"start":{"line":148,"column":22},"end":{"line":148,"column":40}},"84":{"start":{"line":150,"column":4},"end":{"line":156,"column":5}},"85":{"start":{"line":151,"column":6},"end":{"line":155,"column":9}},"86":{"start":{"line":152,"column":8},"end":{"line":152,"column":71}},"87":{"start":{"line":152,"column":58},"end":{"line":152,"column":71}},"88":{"start":{"line":153,"column":8},"end":{"line":153,"column":71}},"89":{"start":{"line":153,"column":58},"end":{"line":153,"column":71}},"90":{"start":{"line":154,"column":8},"end":{"line":154,"column":20}},"91":{"start":{"line":158,"column":4},"end":{"line":158,"column":26}},"92":{"start":{"line":160,"column":4},"end":{"line":160,"column":53}},"93":{"start":{"line":164,"column":18},"end":{"line":192,"column":1}},"94":{"start":{"line":165,"column":2},"end":{"line":191,"column":3}},"95":{"start":{"line":166,"column":30},"end":{"line":166,"column":39}},"96":{"start":{"line":167,"column":18},"end":{"line":167,"column":43}},"97":{"start":{"line":168,"column":4},"end":{"line":168,"column":43}},"98":{"start":{"line":168,"column":14},"end":{"line":168,"column":43}},"99":{"start":{"line":170,"column":20},"end":{"line":170,"column":53}},"100":{"start":{"line":172,"column":19},"end":{"line":175,"column":5}},"101":{"start":{"line":177,"column":4},"end":{"line":186,"column":7}},"102":{"start":{"line":178,"column":6},"end":{"line":178,"column":38}},"103":{"start":{"line":179,"column":6},"end":{"line":179,"column":38}},"104":{"start":{"line":181,"column":6},"end":{"line":182,"column":56}},"105":{"start":{"line":181,"column":27},"end":{"line":181,"column":60}},"106":{"start":{"line":182,"column":11},"end":{"line":182,"column":56}},"107":{"start":{"line":184,"column":6},"end":{"line":185,"column":56}},"108":{"start":{"line":184,"column":27},"end":{"line":184,"column":60}},"109":{"start":{"line":185,"column":11},"end":{"line":185,"column":56}},"110":{"start":{"line":188,"column":4},"end":{"line":188,"column":21}},"111":{"start":{"line":190,"column":4},"end":{"line":190,"column":53}},"112":{"start":{"line":194,"column":0},"end":{"line":205,"column":2}}},"fnMap":{"0":{"name":"(anonymous_0)","decl":{"start":{"line":3,"column":19},"end":{"line":3,"column":20}},"loc":{"start":{"line":3,"column":39},"end":{"line":23,"column":1}},"line":3},"1":{"name":"(anonymous_1)","decl":{"start":{"line":25,"column":22},"end":{"line":25,"column":23}},"loc":{"start":{"line":25,"column":42},"end":{"line":35,"column":1}},"line":25},"2":{"name":"(anonymous_2)","decl":{"start":{"line":37,"column":28},"end":{"line":37,"column":29}},"loc":{"start":{"line":37,"column":48},"end":{"line":55,"column":1}},"line":37},"3":{"name":"(anonymous_3)","decl":{"start":{"line":57,"column":21},"end":{"line":57,"column":22}},"loc":{"start":{"line":57,"column":41},"end":{"line":78,"column":1}},"line":57},"4":{"name":"(anonymous_4)","decl":{"start":{"line":80,"column":21},"end":{"line":80,"column":22}},"loc":{"start":{"line":80,"column":41},"end":{"line":92,"column":1}},"line":80},"5":{"name":"(anonymous_5)","decl":{"start":{"line":94,"column":26},"end":{"line":94,"column":27}},"loc":{"start":{"line":94,"column":46},"end":{"line":104,"column":1}},"line":94},"6":{"name":"(anonymous_6)","decl":{"start":{"line":106,"column":23},"end":{"line":106,"column":24}},"loc":{"start":{"line":106,"column":43},"end":{"line":125,"column":1}},"line":106},"7":{"name":"(anonymous_7)","decl":{"start":{"line":127,"column":26},"end":{"line":127,"column":27}},"loc":{"start":{"line":127,"column":46},"end":{"line":140,"column":1}},"line":127},"8":{"name":"(anonymous_8)","decl":{"start":{"line":142,"column":23},"end":{"line":142,"column":24}},"loc":{"start":{"line":142,"column":43},"end":{"line":162,"column":1}},"line":142},"9":{"name":"(anonymous_9)","decl":{"start":{"line":151,"column":39},"end":{"line":151,"column":40}},"loc":{"start":{"line":151,"column":44},"end":{"line":155,"column":7}},"line":151},"10":{"name":"(anonymous_10)","decl":{"start":{"line":164,"column":18},"end":{"line":164,"column":19}},"loc":{"start":{"line":164,"column":38},"end":{"line":192,"column":1}},"line":164},"11":{"name":"(anonymous_11)","decl":{"start":{"line":177,"column":20},"end":{"line":177,"column":21}},"loc":{"start":{"line":177,"column":25},"end":{"line":186,"column":5}},"line":177}},"branchMap":{"0":{"loc":{"start":{"line":8,"column":4},"end":{"line":8,"column":41}},"type":"if","locations":[{"start":{"line":8,"column":4},"end":{"line":8,"column":41}},{"start":{},"end":{}}],"line":8},"1":{"loc":{"start":{"line":9,"column":4},"end":{"line":9,"column":43}},"type":"if","locations":[{"start":{"line":9,"column":4},"end":{"line":9,"column":43}},{"start":{},"end":{}}],"line":9},"2":{"loc":{"start":{"line":10,"column":4},"end":{"line":10,"column":38}},"type":"if","locations":[{"start":{"line":10,"column":4},"end":{"line":10,"column":38}},{"start":{},"end":{}}],"line":10},"3":{"loc":{"start":{"line":11,"column":4},"end":{"line":13,"column":5}},"type":"if","locations":[{"start":{"line":11,"column":4},"end":{"line":13,"column":5}},{"start":{},"end":{}}],"line":11},"4":{"loc":{"start":{"line":30,"column":4},"end":{"line":30,"column":82}},"type":"if","locations":[{"start":{"line":30,"column":4},"end":{"line":30,"column":82}},{"start":{},"end":{}}],"line":30},"5":{"loc":{"start":{"line":48,"column":4},"end":{"line":50,"column":5}},"type":"if","locations":[{"start":{"line":48,"column":4},"end":{"line":50,"column":5}},{"start":{},"end":{}}],"line":48},"6":{"loc":{"start":{"line":68,"column":4},"end":{"line":70,"column":5}},"type":"if","locations":[{"start":{"line":68,"column":4},"end":{"line":70,"column":5}},{"start":{},"end":{}}],"line":68},"7":{"loc":{"start":{"line":87,"column":4},"end":{"line":87,"column":82}},"type":"if","locations":[{"start":{"line":87,"column":4},"end":{"line":87,"column":82}},{"start":{},"end":{}}],"line":87},"8":{"loc":{"start":{"line":97,"column":4},"end":{"line":97,"column":82}},"type":"if","locations":[{"start":{"line":97,"column":4},"end":{"line":97,"column":82}},{"start":{},"end":{}}],"line":97},"9":{"loc":{"start":{"line":110,"column":4},"end":{"line":110,"column":82}},"type":"if","locations":[{"start":{"line":110,"column":4},"end":{"line":110,"column":82}},{"start":{},"end":{}}],"line":110},"10":{"loc":{"start":{"line":130,"column":4},"end":{"line":130,"column":82}},"type":"if","locations":[{"start":{"line":130,"column":4},"end":{"line":130,"column":82}},{"start":{},"end":{}}],"line":130},"11":{"loc":{"start":{"line":145,"column":4},"end":{"line":145,"column":82}},"type":"if","locations":[{"start":{"line":145,"column":4},"end":{"line":145,"column":82}},{"start":{},"end":{}}],"line":145},"12":{"loc":{"start":{"line":150,"column":4},"end":{"line":156,"column":5}},"type":"if","locations":[{"start":{"line":150,"column":4},"end":{"line":156,"column":5}},{"start":{},"end":{}}],"line":150},"13":{"loc":{"start":{"line":150,"column":8},"end":{"line":150,"column":22}},"type":"binary-expr","locations":[{"start":{"line":150,"column":8},"end":{"line":150,"column":13}},{"start":{"line":150,"column":17},"end":{"line":150,"column":22}}],"line":150},"14":{"loc":{"start":{"line":152,"column":8},"end":{"line":152,"column":71}},"type":"if","locations":[{"start":{"line":152,"column":8},"end":{"line":152,"column":71}},{"start":{},"end":{}}],"line":152},"15":{"loc":{"start":{"line":152,"column":12},"end":{"line":152,"column":56}},"type":"binary-expr","locations":[{"start":{"line":152,"column":12},"end":{"line":152,"column":17}},{"start":{"line":152,"column":21},"end":{"line":152,"column":56}}],"line":152},"16":{"loc":{"start":{"line":153,"column":8},"end":{"line":153,"column":71}},"type":"if","locations":[{"start":{"line":153,"column":8},"end":{"line":153,"column":71}},{"start":{},"end":{}}],"line":153},"17":{"loc":{"start":{"line":153,"column":12},"end":{"line":153,"column":56}},"type":"binary-expr","locations":[{"start":{"line":153,"column":12},"end":{"line":153,"column":17}},{"start":{"line":153,"column":21},"end":{"line":153,"column":56}}],"line":153},"18":{"loc":{"start":{"line":168,"column":4},"end":{"line":168,"column":43}},"type":"if","locations":[{"start":{"line":168,"column":4},"end":{"line":168,"column":43}},{"start":{},"end":{}}],"line":168},"19":{"loc":{"start":{"line":181,"column":6},"end":{"line":182,"column":56}},"type":"if","locations":[{"start":{"line":181,"column":6},"end":{"line":182,"column":56}},{"start":{"line":182,"column":11},"end":{"line":182,"column":56}}],"line":181},"20":{"loc":{"start":{"line":184,"column":6},"end":{"line":185,"column":56}},"type":"if","locations":[{"start":{"line":184,"column":6},"end":{"line":185,"column":56}},{"start":{"line":185,"column":11},"end":{"line":185,"column":56}}],"line":184}},"s":{"0":0,"1":0,"2":0,"3":0,"4":0,"5":0,"6":0,"7":0,"8":0,"9":0,"10":0,"11":0,"12":0,"13":0,"14":0,"15":0,"16":0,"17":0,"18":0,"19":0,"20":0,"21":0,"22":0,"23":0,"24":0,"25":0,"26":0,"27":0,"28":0,"29":0,"30":0,"31":0,"32":0,"33":0,"34":0,"35":0,"36":0,"37":0,"38":0,"39":0,"40":0,"41":0,"42":0,"43":0,"44":0,"45":0,"46":0,"47":0,"48":0,"49":0,"50":0,"51":0,"52":0,"53":0,"54":0,"55":0,"56":0,"57":0,"58":0,"59":0,"60":0,"61":0,"62":0,"63":0,"64":0,"65":0,"66":0,"67":0,"68":0,"69":0,"70":0,"71":0,"72":0,"73":0,"74":0,"75":0,"76":0,"77":0,"78":0,"79":0,"80":0,"81":0,"82":0,"83":0,"84":0,"85":0,"86":0,"87":0,"88":0,"89":0,"90":0,"91":0,"92":0,"93":0,"94":0,"95":0,"96":0,"97":0,"98":0,"99":0,"100":0,"101":0,"102":0,"103":0,"104":0,"105":0,"106":0,"107":0,"108":0,"109":0,"110":0,"111":0,"112":0},"f":{"0":0,"1":0,"2":0,"3":0,"4":0,"5":0,"6":0,"7":0,"8":0,"9":0,"10":0,"11":0},"b":{"0":[0,0],"1":[0,0],"2":[0,0],"3":[0,0],"4":[0,0],"5":[0,0],"6":[0,0],"7":[0,0],"8":[0,0],"9":[0,0],"10":[0,0],"11":[0,0],"12":[0,0],"13":[0,0],"14":[0,0],"15":[0,0],"16":[0,0],"17":[0,0],"18":[0,0],"19":[0,0],"20":[0,0]}}
[...]
85}},"24":{"start":{"line":171,"column":51},"end":{"line":171,"column":80}},"25":{"start":{"line":172,"column":2},"end":{"line":172,"column":45}},"26":{"start":{"line":174,"column":2},"end":{"line":176,"column":3}},"27":{"start":{"line":175,"column":4},"end":{"line":175,"column":76}},"28":{"start":{"line":177,"column":2},"end":{"line":177,"column":58}},"29":{"start":{"line":178,"column":2},"end":{"line":178,"column":33}},"30":{"start":{"line":180,"column":2},"end":{"line":180,"column":20}},"31":{"start":{"line":183,"column":0},"end":{"line":186,"column":3}},"32":{"start":{"line":184,"column":2},"end":{"line":184,"column":25}},"33":{"start":{"line":185,"column":2},"end":{"line":185,"column":9}},"34":{"start":{"line":188,"column":0},"end":{"line":188,"column":52}},"35":{"start":{"line":189,"column":0},"end":{"line":189,"column":54}},"36":{"start":{"line":191,"column":0},"end":{"line":191,"column":66}}},"fnMap":{"0":{"name":"(anonymous_0)","decl":{"start":{"line":149,"column":53},"end":{"line":149,"column":54}},"loc":{"start":{"line":149,"column":64},"end":{"line":151,"column":1}},"line":149},"1":{"name":"(anonymous_1)","decl":{"start":{"line":153,"column":44},"end":{"line":153,"column":45}},"loc":{"start":{"line":153,"column":55},"end":{"line":181,"column":1}},"line":153},"2":{"name":"(anonymous_2)","decl":{"start":{"line":154,"column":36},"end":{"line":154,"column":37}},"loc":{"start":{"line":154,"column":51},"end":{"line":154,"column":94}},"line":154},"3":{"name":"(anonymous_3)","decl":{"start":{"line":156,"column":21},"end":{"line":156,"column":22}},"loc":{"start":{"line":156,"column":29},"end":{"line":168,"column":3}},"line":156},"4":{"name":"(anonymous_4)","decl":{"start":{"line":170,"column":36},"end":{"line":170,"column":37}},"loc":{"start":{"line":170,"column":51},"end":{"line":170,"column":126}},"line":170},"5":{"name":"(anonymous_5)","decl":{"start":{"line":171,"column":36},"end":{"line":171,"column":37}},"loc":{"start":{"line":171,"column":51},"end":{"line":171,"column":80}},"line":171},"6":{"name":"(anonymous_6)","decl":{"start":{"line":183,"column":30},"end":{"line":183,"column":31}},"loc":{"start":{"line":183,"column":45},"end":{"line":186,"column":1}},"line":183}},"branchMap":{"0":{"loc":{"start":{"line":157,"column":21},"end":{"line":157,"column":41}},"type":"binary-expr","locations":[{"start":{"line":157,"column":21},"end":{"line":157,"column":35}},{"start":{"line":157,"column":39},"end":{"line":157,"column":41}}],"line":157},"1":{"loc":{"start":{"line":158,"column":15},"end":{"line":158,"column":45}},"type":"binary-expr","locations":[{"start":{"line":158,"column":15},"end":{"line":158,"column":23}},{"start":{"line":158,"column":27},"end":{"line":158,"column":45}}],"line":158},"2":{"loc":{"start":{"line":160,"column":4},"end":{"line":162,"column":5}},"type":"if","locations":[{"start":{"line":160,"column":4},"end":{"line":162,"column":5}},{"start":{},"end":{}}],"line":160},"3":{"loc":{"start":{"line":163,"column":4},"end":{"line":166,"column":5}},"type":"if","locations":[{"start":{"line":163,"column":4},"end":{"line":166,"column":5}},{"start":{},"end":{}}],"line":163},"4":{"loc":{"start":{"line":163,"column":8},"end":{"line":163,"column":43}},"type":"binary-expr","locations":[{"start":{"line":163,"column":8},"end":{"line":163,"column":16}},{"start":{"line":163,"column":20},"end":{"line":163,"column":43}}],"line":163},"5":{"loc":{"start":{"line":164,"column":60},"end":{"line":164,"column":87}},"type":"binary-expr","locations":[{"start":{"line":164,"column":60},"end":{"line":164,"column":82}},{"start":{"line":164,"column":86},"end":{"line":164,"column":87}}],"line":164},"6":{"loc":{"start":{"line":167,"column":58},"end":{"line":167,"column":85}},"type":"binary-expr","locations":[{"start":{"line":167,"column":58},"end":{"line":167,"column":80}},{"start":{"line":167,"column":84},"end":{"line":167,"column":85}}],"line":167},"7":{"loc":{"start":{"line":167,"column":90},"end":{"line":167,"column":111}},"type":"binary-expr","locations":[{"start":{"line":167,"column":90},"end":{"line":167,"column":106}},{"start":{"line":167,"column":110},"end":{"line":167,"column":111}}],"line":167},"8":{"loc":{"start":{"line":170,"column":98},"end":{"line":170,"column":125}},"type":"binary-expr","locations":[{"start":{"line":170,"column":98},"end":{"line":170,"column":120}},{"start":{"line":170,"column":124},"end":{"line":170,"column":125}}],"line":170},"9":{"loc":{"start":{"line":171,"column":58},"end":{"line":171,"column":79}},"type":"binary-expr","locations":[{"start":{"line":171,"column":58},"end":{"line":171,"column":74}},{"start":{"line":171,"column":78},"end":{"line":171,"column":79}}],"line":171},"10":{"loc":{"start":{"line":174,"column":2},"end":{"line":176,"column":3}},"type":"if","locations":[{"start":{"line":174,"column":2},"end":{"line":176,"column":3}},{"start":{},"end":{}}],"line":174},"11":{"loc":{"start":{"line":177,"column":29},"end":{"line":177,"column":56}},"type":"binary-expr","locations":[{"start":{"line":177,"column":29},"end":{"line":177,"column":51}},{"start":{"line":177,"column":55},"end":{"line":177,"column":56}}],"line":177}},"s":{"0":0,"1":0,"2":0,"3":0,"4":0,"5":0,"6":0,"7":0,"8":0,"9":0,"10":0,"11":0,"12":0,"13":0,"14":0,"15":0,"16":0,"17":0,"18":0,"19":0,"20":0,"21":0,"22":0,"23":0,"24":0,"25":0,"26":0,"27":0,"28":0,"29":0,"30":0,"31":0,"32":0,"33":0,"34":0,"35":0,"36":0},"f":{"0":0,"1":0,"2":0,"3":0,"4":0,"5":0,"6":0},"b":{"0":[0,0],"1":[0,0],"2":[0,0],"3":[0,0],"4":[0,0],"5":[0,0],"6":[0,0],"7":[0,0],"8":[0,0],"9":[0,0],"10":[0,0],"11":[0,0]}}
,"C:\\Users\\54233\\Documents\\sistemaGestion\\backend\\models\\Config.js": {"path":"C:\\Users\\54233\\Documents\\sistemaGestion\\backend\\models\\Config.js","statementMap":{"0":{"start":{"line":1,"column":17},"end":{"line":1,"column":36}},"1":{"start":{"line":3,"column":21},"end":{"line":14,"column":2}},"2":{"start":{"line":16,"column":0},"end":{"line":16,"column":56}}},"fnMap":{},"branchMap":{},"s":{"0":0,"1":0,"2":0},"f":{},"b":{}}
,"C:\\Users\\54233\\Documents\\sistemaGestion\\backend\\models\\Cotizacion.js": {"path":"C:\\Users\\54233\\Documents\\sistemaGestion\\backend\\models\\Cotizacion.js","statementMap":{"0":{"start":{"line":1,"column":17},"end":{"line":1,"column":36}},"1":{"start":{"line":3,"column":25},"end":{"line":38,"column":2}},"2":{"start":{"line":40,"column":0},"end":{"line":40,"column":85}},"3":{"start":{"line":42,"column":0},"end":{"line":47,"column":2}},"4":{"start":{"line":43,"column":16},"end":{"line":43,"column":61}},"5":{"start":{"line":44,"column":2},"end":{"line":44,"column":39}},"6":{"start":{"line":44,"column":15},"end":{"line":44,"column":39}},"7":{"start":{"line":46,"column":2},"end":{"line":46,"column":49}},"8":{"start":{"line":49,"column":0},"end":{"line":56,"column":2}},"9":{"start":{"line":50,"column":2},"end":{"line":50,"column":51}},"10":{"start":{"line":50,"column":38},"end":{"line":50,"column":51}},"11":{"start":{"line":52,"column":21},"end":{"line":52,"column":83}},"12":{"start":{"line":53,"column":2},"end":{"line":53,"column":31}},"13":{"start":{"line":53,"column":19},"end":{"line":53,"column":31}},"14":{"start":{"line":55,"column":2},"end":{"line":55,"column":34}},"15":{"start":{"line":58,"column":0},"end":{"line":58,"column":64}}},"fnMap":{"0":{"name":"(anonymous_0)","decl":{"start":{"line":42,"column":41},"end":{"line":42,"column":42}},"loc":{"start":{"line":42,"column":109},"end":{"line":47,"column":1}},"line":42},"1":{"name":"(anonymous_1)","decl":{"start":{"line":49,"column":37},"end":{"line":49,"column":38}},"loc":{"start":{"line":49,"column":104},"end":{"line":56,"column":1}},"line":49}},"branchMap":{"0":{"loc":{"start":{"line":42,"column":70},"end":{"line":42,"column":91}},"type":"default-arg","locations":[{"start":{"line":42,"column":86},"end":{"line":42,"column":91}}],"line":42},"1":{"loc":{"start":{"line":42,"column":93},"end":{"line":42,"column":107}},"type":"default-arg","locations":[{"start":{"line":42,"column":103},"end":{"line":42,"column":107}}],"line":42},"2":{"loc":{"start":{"line":44,"column":2},"end":{"line":44,"column":39}},"type":"if","locations":[{"start":{"line":44,"column":2},"end":{"line":44,"column":39}},{"start":{},"end":{}}],"line":44},"3":{"loc":{"start":{"line":49,"column":88},"end":{"line":49,"column":102}},"type":"default-arg","locations":[{"start":{"line":49,"column":98},"end":{"line":49,"column":102}}],"line":49},"4":{"loc":{"start":{"line":50,"column":2},"end":{"line":50,"column":51}},"type":"if","locations":[{"start":{"line":50,"column":2},"end":{"line":50,"column":51}},{"start":{},"end":{}}],"line":50},"5":{"loc":{"start":{"line":53,"column":2},"end":{"line":53,"column":31}},"type":"if","locations":[{"start":{"line":53,"column":2},"end":{"line":53,"column":31}},{"start":{},"end":{}}],"line":53}},"s":{"0":0,"1":0,"2":0,"3":0,"4":0,"5":0,"6":0,"7":0,"8":0,"9":0,"10":0,"11":0,"12":0,"13":0,"14":0,"15":0},"f":{"0":0,"1":0},"b":{"0":[0],"1":[0],"2":[0,0],"3":[0],"4":[0,0],"5":[0,0]}}
,"C:\\Users\\54233\\Documents\\sistemaGestion\\backend\\models\\CuentaCorriente.js": {"path":"C:\\Users\\54233\\Documents\\sistemaGestion\\backend\\models\\CuentaCorriente.js","statementMap":{"0":{"start":{"line":1,"column":17},"end":{"line":1,"column":36}},"1":{"start":{"line":3,"column":30},"end":{"line":93,"column":2}},"2":{"start":{"line":95,"column":0},"end":{"line":95,"column":103}},"3":{"start":{"line":96,"column":0},"end":{"line":96,"column":66}},"4":{"start":{"line":97,"column":0},"end":{"line":97,"column":60}},"5":{"start":{"line":99,"column":0},"end":{"line":114,"column":2}},"6":{"start":{"line":100,"column":17},"end":{"line":100,"column":18}},"7":{"start":{"line":101,"column":17},"end":{"line":101,"column":18}},"8":{"start":{"line":102,"column":2},"end":{"line":110,"column":5}},"9":{"start":{"line":103,"column":4},"end":{"line":109,"column":5}},"10":{"start":{"line":104,"column":6},"end":{"line":104,"column":32}},"11":{"start":{"line":105,"column":6},"end":{"line":105,"column":32}},"12":{"start":{"line":107,"column":6},"end":{"line":107,"column":32}},"13":{"start":{"line":108,"column":6},"end":{"line":108,"column":32}},"14":{"start":{"line":111,"column":2},"end":{"line":111,"column":48}},"15":{"start":{"line":112,"column":2},"end":{"line":112,"column":56}},"16":{"start":{"line":113,"column":2},"end":{"line":113,"column":20}},"17":{"start":{"line":116,"column":0},"end":{"line":146,"column":2}},"18":{"start":{"line":117,"column":24},"end":{"line":117,"column":41}},"19":{"start":{"line":119,"column":2},"end":{"line":130,"column":5}},"20":{"start":{"line":132,"column":2},"end":{"line":136,"column":3}},"21":{"start":{"line":133,"column":4},"end":{"line":135,"column":45}},"22":{"start":{"line":137,"column":2},"end":{"line":141,"column":3}},"23":{"start":{"line":138,"column":4},"end":{"line":140,"column":45}},"24":{"start":{"line":143,"column":2},"end":{"line":143,"column":37}},"25":{"start":{"line":144,"column":2},"end":{"line":144,"column":20}},"26":{"start":{"line":145,"column":2},"end":{"line":145,"column":14}},"27":{"start":{"line":148,"column":0},"end":{"line":148,"column":56}},"28":{"start":{"line":149,"column":0},"end":{"line":149,"column":58}},"29":{"start":{"line":151,"column":0},"end":{"line":151,"column":74}}},"fnMap":{"0":{"name":"(anonymous_0)","decl":{"start":{"line":99,"column":48},"end":{"line":99,"column":49}},"loc":{"start":{"line":99,"column":59},"end":{"line":114,"column":1}},"line":99},"1":{"name":"(anonymous_1)","decl":{"start":{"line":102,"column":27},"end":{"line":102,"column":28}},"loc":{"start":{"line":102,"column":32},"end":{"line":110,"column":3}},"line":102},"2":{"name":"(anonymous_2)","decl":{"start":{"line":116,"column":50},"end":{"line":116,"column":51}},"loc":{"start":{"line":116,"column":71},"end":{"line":146,"column":1}},"line":116}},"branchMap":{"0":{"loc":{"start":{"line":103,"column":4},"end":{"line":109,"column":5}},"type":"if","locations":[{"start":{"line":103,"column":4},"end":{"line":109,"column":5}},{"start":{"line":106,"column":11},"end":{"line":109,"column":5}}],"line":103},"1":{"loc":{"start":{"line":120,"column":11},"end":{"line":120,"column":35}},"type":"binary-expr","locations":[{"start":{"line":120,"column":11},"end":{"line":120,"column":21}},{"start":{"line":120,"column":25},"end":{"line":120,"column":35}}],"line":120},"2":{"loc":{"start":{"line":126,"column":12},"end":{"line":126,"column":32}},"type":"binary-expr","locations":[{"start":{"line":126,"column":12},"end":{"line":126,"column":23}},{"start":{"line":126,"column":27},"end":{"line":126,"column":32}}],"line":126},"3":{"loc":{"start":{"line":132,"column":2},"end":{"line":136,"column":3}},"type":"if","locations":[{"start":{"line":132,"column":2},"end":{"line":136,"column":3}},{"start":{},"end":{}}],"line":132},"4":{"loc":{"start":{"line":133,"column":4},"end":{"line":135,"column":44}},"type":"cond-expr","locations":[{"start":{"line":134,"column":9},"end":{"line":134,"column":43}},{"start":{"line":135,"column":9},"end":{"line":135,"column":43}}],"line":133},"5":{"loc":{"start":{"line":137,"column":2},"end":{"line":141,"column":3}},"type":"if","locations":[{"start":{"line":137,"column":2},"end":{"line":141,"column":3}},{"start":{},"end":{}}],"line":137},"6":{"loc":{"start":{"line":138,"column":4},"end":{"line":140,"column":44}},"type":"cond-expr","locations":[{"start":{"line":139,"column":9},"end":{"line":139,"column":43}},{"start":{"line":140,"column":9},"end":{"line":140,"column":43}}],"line":138}},"s":{"0":0,"1":0,"2":0,"3":0,"4":0,"5":0,"6":0,"7":0,"8":0,"9":0,"10":0,"11":0,"12":0,"13":0,"14":0,"15":0,"16":0,"17":0,"18":0,"19":0,"20":0,"21":0,"22":0,"23":0,"24":0,"25":0,"26":0,"27":0,"28":0,"29":0},"f":{"0":0,"1":0,"2":0},"b":{"0":[0,0],"1":[0,0],"2":[0,0],"3":[0,0],"4":[0,0],"5":[0,0],"6":[0,0]}}
,"C:\\Users\\54233\\Documents\\sistemaGestion\\backend\\models\\Empresa.js": {"path":"C:\\Users\\54233\\Documents\\sistemaGestion\\backend\\models\\Empresa.js","statementMap":{"0":{"start":{"line":1,"column":17},"end":{"line":1,"column":36}},"1":{"start":{"line":3,"column":22},"end":{"line":83,"column":2}},"2":{"start":{"line":85,"column":0},"end":{"line":85,"column":58}}},"fnMap":{},"branchMap":{},"s":{"0":0,"1":0,"2":0},"f":{},"b":{}}
,"C:\\Users\\54233\\Documents\\sistemaGestion\\backend\\models\\Movimiento.js": {"path":"C:\\Users\\54233\\Documents\\sistemaGestion\\backend\\models\\Movimiento.js","statementMap":{"0":{"start":{"line":1,"column":17},"end":{"line":1,"column":36}},"1":{"start":{"line":3,"column":25},"end":{"line":79,"column":2}},"2":{"start":{"line":81,"column":0},"end":{"line":81,"column":64}}},"fnMap":{},"branchMap":{},"s":{"0":0,"1":0,"2":0},"f":{},"b":{}}
,"C:\\Users\\54233\\Documents\\sistemaGestion\\backend\\models\\PPConfig.js": {"path":"C:\\Users\\54233\\Documents\\sistemaGestion\\backend\\models\\PPConfig.js","statementMap":{"0":{"start":{"line":1,"column":17},"end":{"line":1,"column":36}},"1":{"start":{"line":3,"column":23},"end":{"line":12,"column":2}},"2":{"start":{"line":14,"column":0},"end":{"line":14,"column":82}},"3":{"start":{"line":16,"column":0},"end":{"line":16,"column":60}}},"fnMap":{},"branchMap":{},"s":{"0":0,"1":0,"2":0,"3":0},"f":{},"b":{}}
,"C:\\Users\\54233\\Documents\\sistemaGestion\\backend\\models\\PlanCuenta.js": {"path":"C:\\Users\\54233\\Documents\\sistemaGestion\\backend\\models\\PlanCuenta.js","statementMap":{"0":{"start":{"line":1,"column":17},"end":{"line":1,"column":36}},"1":{"start":{"line":3,"column":25},"end":{"line":78,"column":2}},"2":{"start":{"line":80,"column":0},"end":{"line":80,"column":68}},"3":{"start":{"line":81,"column":0},"end":{"line":81,"column":48}},"4":{"start":{"line":82,"column":0},"end":{"line":82,"column":37}},"5":{"start":{"line":84,"column":0},"end":{"line":88,"column":3}},"6":{"start":{"line":90,"column":0},"end":{"line":94,"column":3}},"7":{"start":{"line":96,"column":0},"end":{"line":96,"column":51}},"8":{"start":{"line":97,"column":0},"end":{"line":97,"column":53}},"9":{"start":{"line":99,"column":0},"end":{"line":99,"column":64}}},"fnMap":{},"branchMap":{},"s":{"0":0,"1":0,"2":0,"3":0,"4":0,"5":0,"6":0,"7":0,"8":0,"9":0},"f":{},"b":{}}
,"C:\\Users\\54233\\Documents\\sistemaGestion\\backend\\models\\Producto.js": {"path":"C:\\Users\\54233\\Documents\\sistemaGestion\\backend\\models\\Producto.js","statementMap":{"0":{"start":{"line":1,"column":17},"end":{"line":1,"column":36}},"1":{"start":{"line":22,"column":23},"end":{"line":92,"column":2}},"2":{"start":{"line":94,"column":0},"end":{"line":94,"column":51}},"3":{"start":{"line":95,"column":0},"end":{"line":95,"column":48}},"4":{"start":{"line":96,"column":0},"end":{"line":96,"column":50}},"5":{"start":{"line":98,"column":0},"end":{"line":98,"column":60}}},"fnMap":{},"branchMap":{},"s":{"0":0,"1":0,"2":0,"3":0,"4":0,"5":0},"f":{},"b":{}}
,"C:\\Users\\54233\\Documents\\sistemaGestion\\backend\\models\\Proveedor.js": {"path":"C:\\Users\\54233\\Documents\\sistemaGestion\\backend\\models\\Proveedor.js","statementMap":{"0":{"start":{"line":1,"column":17},"end":{"line":1,"column":36}},"1":{"start":{"line":3,"column":24},"end":{"line":19,"column":2}},"2":{"start":{"line":21,"column":0},"end":{"line":21,"column":62}}},"fnMap":{},"branchMap":{},"s":{"0":0,"1":0,"2":0},"f":{},"b":{}}
,"C:\\Users\\54233\\Documents\\sistemaGestion\\backend\\models\\TipoMovimiento.js": {"path":"C:\\Users\\54233\\Documents\\sistemaGestion\\backend\\models\\TipoMovimiento.js","statementMap":{"0":{"start":{"line":1,"column":17},"end":{"line":1,"column":36}},"1":{"start":{"line":3,"column":29},"end":{"line":96,"column":2}},"2":{"start":{"line":98,"column":0},"end":{"line":98,"column":72}},"3":{"start":{"line":99,"column":0},"end":{"line":99,"column":61}},"4":{"start":{"line":101,"column":0},"end":{"line":101,"column":72}}},"fnMap":{},"branchMap":{},"s":{"0":0,"1":0,"2":0,"3":0,"4":0},"f":{},"b":{}}
,"C:\\Users\\54233\\Documents\\sistemaGestion\\backend\\models\\Usuario.js": {"path":"C:\\Users\\54233\\Documents\\sistemaGestion\\backend\\models\\Usuario.js","statementMap":{"0":{"start":{"line":1,"column":17},"end":{"line":1,"column":36}},"1":{"start":{"line":2,"column":15},"end":{"line":2,"column":34}},"2":{"start":{"line":4,"column":22},"end":{"line":26,"column":2}},"3":{"start":{"line":28,"column":0},"end":{"line":32,"column":3}},"4":{"start":{"line":29,"column":2},"end":{"line":29,"column":43}},"5":{"start":{"line":29,"column":36},"end":{"line":29,"column":43}},"6":{"start":{"line":30,"column":2},"end":{"line":30,"column":83}},"7":{"start":{"line":30,"column":76},"end":{"line":30,"column":83}},"8":{"start":{"line":31,"column":2},"end":{"line":31,"column":55}},"9":{"start":{"line":34,"column":0},"end":{"line":36,"column":2}},"10":{"start":{"line":35,"column":2},"end":{"line":35,"column":58}},"11":{"start":{"line":38,"column":0},"end":{"line":38,"column":58}}},"fnMap":{"0":{"name":"(anonymous_0)","decl":{"start":{"line":28,"column":26},"end":{"line":28,"column":27}},"loc":{"start":{"line":28,"column":43},"end":{"line":32,"column":1}},"line":28},"1":{"name":"(anonymous_1)","decl":{"start":{"line":34,"column":40},"end":{"line":34,"column":41}},"loc":{"start":{"line":34,"column":74},"end":{"line":36,"column":1}},"line":34}},"branchMap":{"0":{"loc":{"start":{"line":29,"column":2},"end":{"line":29,"column":43}},"type":"if","locations":[{"start":{"line":29,"column":2},"end":{"line":29,"column":43}},{"start":{},"end":{}}],"line":29},"1":{"loc":{"start":{"line":30,"column":2},"end":{"line":30,"column":83}},"type":"if","locations":[{"start":{"line":30,"column":2},"end":{"line":30,"column":83}},{"start":{},"end":{}}],"line":30},"2":{"loc":{"start":{"line":30,"column":6},"end":{"line":30,"column":74}},"type":"binary-expr","locations":[{"start":{"line":30,"column":6},"end":{"line":30,"column":38}},{"start":{"line":30,"column":42},"end":{"line":30,"column":74}}],"line":30}},"s":{"0":0,"1":0,"2":0,"3":0,"4":0,"5":0,"6":0,"7":0,"8":0,"9":0,"10":0,"11":0},"f":{"0":0,"1":0},"b":{"0":[0,0],"1":[0,0],"2":[0,0]}}
}
