TN:
SF:controllers\alertaController.js
FN:11,(anonymous_0)
FN:60,(anonymous_1)
FN:98,(anonymous_2)
FN:104,(anonymous_3)
FN:128,(anonymous_4)
FN:135,(anonymous_5)
FN:154,(anonymous_6)
FN:171,(anonymous_7)
FN:205,(anonymous_8)
FN:227,(anonymous_9)
FN:235,(anonymous_10)
FNF:11
FNH:0
FNDA:0,(anonymous_0)
FNDA:0,(anonymous_1)
FNDA:0,(anonymous_2)
FNDA:0,(anonymous_3)
FNDA:0,(anonymous_4)
FNDA:0,(anonymous_5)
FNDA:0,(anonymous_6)
FNDA:0,(anonymous_7)
FNDA:0,(anonymous_8)
FNDA:0,(anonymous_9)
FNDA:0,(anonymous_10)
DA:1,0
DA:2,0
DA:11,0
DA:12,0
DA:13,0
DA:14,0
DA:16,0
DA:18,0
DA:19,0
DA:20,0
DA:22,0
DA:23,0
DA:29,0
DA:30,0
DA:43,0
DA:51,0
DA:60,0
DA:61,0
DA:62,0
DA:64,0
DA:66,0
DA:67,0
DA:68,0
DA:69,0
DA:71,0
DA:72,0
DA:87,0
DA:98,0
DA:99,0
DA:100,0
DA:104,0
DA:114,0
DA:116,0
DA:117,0
DA:128,0
DA:129,0
DA:130,0
DA:135,0
DA:147,0
DA:149,0
DA:150,0
DA:154,0
DA:155,0
DA:156,0
DA:157,0
DA:159,0
DA:164,0
DA:166,0
DA:167,0
DA:171,0
DA:172,0
DA:173,0
DA:174,0
DA:176,0
DA:177,0
DA:180,0
DA:181,0
DA:182,0
DA:185,0
DA:186,0
DA:189,0
DA:190,0
DA:191,0
DA:192,0
DA:194,0
DA:198,0
DA:200,0
DA:201,0
DA:205,0
DA:206,0
DA:207,0
DA:209,0
DA:210,0
DA:211,0
DA:214,0
DA:215,0
DA:216,0
DA:217,0
DA:218,0
DA:220,0
DA:222,0
DA:223,0
DA:227,0
DA:228,0
DA:229,0
DA:231,0
DA:235,0
DA:236,0
DA:237,0
DA:238,0
DA:240,0
DA:245,0
DA:246,0
DA:250,0
LF:94
LH:0
BRDA:11,0,0,0
BRDA:14,1,0,0
BRDA:14,1,1,0
BRDA:14,2,0,0
BRDA:14,2,1,0
BRDA:16,3,0,0
BRDA:16,3,1,0
BRDA:16,4,0,0
BRDA:16,4,1,0
BRDA:19,5,0,0
BRDA:19,5,1,0
BRDA:20,6,0,0
BRDA:20,6,1,0
BRDA:22,7,0,0
BRDA:22,7,1,0
BRDA:29,8,0,0
BRDA:29,8,1,0
BRDA:33,9,0,0
BRDA:33,9,1,0
BRDA:34,10,0,0
BRDA:34,10,1,0
BRDA:67,11,0,0
BRDA:67,11,1,0
BRDA:68,12,0,0
BRDA:68,12,1,0
BRDA:69,13,0,0
BRDA:69,13,1,0
BRDA:71,14,0,0
BRDA:71,14,1,0
BRDA:75,15,0,0
BRDA:75,15,1,0
BRDA:76,16,0,0
BRDA:76,16,1,0
BRDA:157,17,0,0
BRDA:157,17,1,0
BRDA:176,18,0,0
BRDA:176,18,1,0
BRDA:181,19,0,0
BRDA:181,19,1,0
BRDA:185,20,0,0
BRDA:185,20,1,0
BRDA:210,21,0,0
BRDA:210,21,1,0
BRDA:227,22,0,0
BRF:44
BRH:0
end_of_record
TN:
SF:controllers\authController.js
FN:11,(anonymous_0)
FN:48,(anonymous_1)
FN:66,(anonymous_2)
FNF:3
FNH:0
FNDA:0,(anonymous_0)
FNDA:0,(anonymous_1)
FNDA:0,(anonymous_2)
DA:1,0
DA:2,0
DA:11,0
DA:12,0
DA:13,0
DA:14,0
DA:16,0
DA:17,0
DA:20,0
DA:26,0
DA:36,0
DA:48,0
DA:49,0
DA:50,0
DA:51,0
DA:52,0
DA:53,0
DA:55,0
DA:66,0
DA:67,0
DA:68,0
DA:70,0
DA:71,0
DA:74,0
DA:75,0
DA:78,0
DA:79,0
DA:81,0
DA:82,0
DA:85,0
DA:94,0
DA:95,0
DA:97,0
DA:101,0
LF:34
LH:0
BRDA:16,0,0,0
BRDA:16,0,1,0
BRDA:16,1,0,0
BRDA:16,1,1,0
BRDA:70,2,0,0
BRDA:70,2,1,0
BRDA:74,3,0,0
BRDA:74,3,1,0
BRDA:81,4,0,0
BRDA:81,4,1,0
BRDA:81,5,0,0
BRDA:81,5,1,0
BRDA:94,6,0,0
BRDA:94,6,1,0
BRDA:94,7,0,0
BRDA:94,7,1,0
BRF:16
BRH:0
end_of_record
TN:
SF:controllers\cajaController.js
FN:12,(anonymous_0)
FN:47,(anonymous_1)
FN:62,(anonymous_2)
FN:99,(anonymous_3)
FN:135,(anonymous_4)
FN:169,(anonymous_5)
FN:209,(anonymous_6)
FNF:7
FNH:0
FNDA:0,(anonymous_0)
FNDA:0,(anonymous_1)
FNDA:0,(anonymous_2)
FNDA:0,(anonymous_3)
FNDA:0,(anonymous_4)
FNDA:0,(anonymous_5)
FNDA:0,(anonymous_6)
DA:1,0
DA:2,0
DA:12,0
DA:13,0
DA:14,0
DA:15,0
DA:17,0
DA:18,0
DA:19,0
DA:20,0
DA:22,0
DA:23,0
DA:24,0
DA:25,0
DA:27,0
DA:32,0
DA:34,0
DA:35,0
DA:47,0
DA:48,0
DA:49,0
DA:50,0
DA:51,0
DA:52,0
DA:54,0
DA:57,0
DA:58,0
DA:59,0
DA:60,0
DA:62,0
DA:63,0
DA:64,0
DA:66,0
DA:67,0
DA:68,0
DA:70,0
DA:73,0
DA:74,0
DA:76,0
DA:81,0
DA:94,0
DA:95,0
DA:99,0
DA:100,0
DA:101,0
DA:102,0
DA:105,0
DA:107,0
DA:108,0
DA:111,0
DA:112,0
DA:113,0
DA:116,0
DA:127,0
DA:128,0
DA:130,0
DA:131,0
DA:135,0
DA:136,0
DA:137,0
DA:138,0
DA:141,0
DA:143,0
DA:144,0
DA:147,0
DA:149,0
DA:150,0
DA:153,0
DA:154,0
DA:157,0
DA:158,0
DA:159,0
DA:160,0
DA:162,0
DA:164,0
DA:165,0
DA:169,0
DA:170,0
DA:171,0
DA:172,0
DA:175,0
DA:177,0
DA:178,0
DA:181,0
DA:183,0
DA:184,0
DA:190,0
DA:191,0
DA:194,0
DA:196,0
DA:204,0
DA:205,0
DA:209,0
DA:210,0
DA:211,0
DA:213,0
DA:214,0
DA:217,0
DA:225,0
DA:226,0
DA:230,0
LF:101
LH:0
BRDA:14,0,0,0
BRDA:14,0,1,0
BRDA:17,1,0,0
BRDA:17,1,1,0
BRDA:17,2,0,0
BRDA:17,2,1,0
BRDA:19,3,0,0
BRDA:19,3,1,0
BRDA:20,4,0,0
BRDA:20,4,1,0
BRDA:22,5,0,0
BRDA:22,5,1,0
BRDA:23,6,0,0
BRDA:23,6,1,0
BRDA:24,7,0,0
BRDA:24,7,1,0
BRDA:49,8,0,0
BRDA:49,8,1,0
BRDA:63,9,0,0
BRDA:63,9,1,0
BRDA:63,10,0,0
BRDA:63,10,1,0
BRDA:63,11,0,0
BRDA:63,11,1,0
BRDA:66,12,0,0
BRDA:66,12,1,0
BRDA:67,13,0,0
BRDA:67,13,1,0
BRDA:68,14,0,0
BRDA:68,14,1,0
BRDA:70,15,0,0
BRDA:70,15,1,0
BRDA:73,16,0,0
BRDA:73,16,1,0
BRDA:74,17,0,0
BRDA:74,17,1,0
BRDA:76,18,0,0
BRDA:76,18,1,0
BRDA:90,19,0,0
BRDA:90,19,1,0
BRDA:101,20,0,0
BRDA:101,20,1,0
BRDA:101,21,0,0
BRDA:101,21,1,0
BRDA:105,22,0,0
BRDA:105,22,1,0
BRDA:107,23,0,0
BRDA:107,23,1,0
BRDA:107,24,0,0
BRDA:107,24,1,0
BRDA:107,24,2,0
BRDA:107,24,3,0
BRDA:107,24,4,0
BRDA:107,24,5,0
BRDA:112,25,0,0
BRDA:112,25,1,0
BRDA:112,26,0,0
BRDA:112,26,1,0
BRDA:120,27,0,0
BRDA:120,27,1,0
BRDA:121,28,0,0
BRDA:121,28,1,0
BRDA:121,29,0,0
BRDA:121,29,1,0
BRDA:137,30,0,0
BRDA:137,30,1,0
BRDA:137,31,0,0
BRDA:137,31,1,0
BRDA:141,32,0,0
BRDA:141,32,1,0
BRDA:143,33,0,0
BRDA:143,33,1,0
BRDA:149,34,0,0
BRDA:149,34,1,0
BRDA:153,35,0,0
BRDA:153,35,1,0
BRDA:171,36,0,0
BRDA:171,36,1,0
BRDA:171,37,0,0
BRDA:171,37,1,0
BRDA:177,38,0,0
BRDA:177,38,1,0
BRDA:177,39,0,0
BRDA:177,39,1,0
BRDA:183,40,0,0
BRDA:183,40,1,0
BRDA:213,41,0,0
BRDA:213,41,1,0
BRDA:220,42,0,0
BRDA:220,42,1,0
BRF:90
BRH:0
end_of_record
TN:
SF:controllers\clienteController.js
FN:10,(anonymous_0)
FN:26,(anonymous_1)
FN:43,(anonymous_2)
FN:64,(anonymous_3)
FNF:4
FNH:0
FNDA:0,(anonymous_0)
FNDA:0,(anonymous_1)
FNDA:0,(anonymous_2)
FNDA:0,(anonymous_3)
DA:1,0
DA:10,0
DA:11,0
DA:12,0
DA:13,0
DA:15,0
DA:26,0
DA:27,0
DA:28,0
DA:29,0
DA:30,0
DA:32,0
DA:43,0
DA:44,0
DA:45,0
DA:50,0
DA:51,0
DA:53,0
DA:64,0
DA:65,0
DA:66,0
DA:71,0
DA:72,0
DA:74,0
DA:78,0
LF:25
LH:0
BRDA:50,0,0,0
BRDA:50,0,1,0
BRDA:71,1,0,0
BRDA:71,1,1,0
BRF:4
BRH:0
end_of_record
TN:
SF:controllers\comprobanteController.js
FN:6,(anonymous_0)
FN:31,(anonymous_1)
FN:44,(anonymous_2)
FN:121,(anonymous_3)
FN:136,(anonymous_4)
FN:154,(anonymous_5)
FN:178,(anonymous_6)
FN:201,(anonymous_7)
FN:222,(anonymous_8)
FNF:9
FNH:0
FNDA:0,(anonymous_0)
FNDA:0,(anonymous_1)
FNDA:0,(anonymous_2)
FNDA:0,(anonymous_3)
FNDA:0,(anonymous_4)
FNDA:0,(anonymous_5)
FNDA:0,(anonymous_6)
FNDA:0,(anonymous_7)
FNDA:0,(anonymous_8)
DA:1,0
DA:2,0
DA:3,0
DA:4,0
DA:6,0
DA:7,0
DA:8,0
DA:9,0
DA:11,0
DA:12,0
DA:13,0
DA:14,0
DA:15,0
DA:16,0
DA:17,0
DA:18,0
DA:21,0
DA:25,0
DA:27,0
DA:31,0
DA:32,0
DA:33,0
DA:37,0
DA:38,0
DA:40,0
DA:44,0
DA:45,0
DA:46,0
DA:48,0
DA:49,0
DA:51,0
DA:52,0
DA:53,0
DA:56,0
DA:58,0
DA:59,0
DA:61,0
DA:68,0
DA:70,0
DA:71,0
DA:72,0
DA:79,0
DA:80,0
DA:90,0
DA:93,0
DA:101,0
DA:105,0
DA:106,0
DA:114,0
DA:116,0
DA:117,0
DA:121,0
DA:122,0
DA:123,0
DA:128,0
DA:130,0
DA:132,0
DA:136,0
DA:137,0
DA:138,0
DA:139,0
DA:141,0
DA:142,0
DA:145,0
DA:146,0
DA:148,0
DA:150,0
DA:154,0
DA:155,0
DA:156,0
DA:157,0
DA:158,0
DA:160,0
DA:161,0
DA:164,0
DA:165,0
DA:168,0
DA:169,0
DA:170,0
DA:172,0
DA:174,0
DA:178,0
DA:179,0
DA:180,0
DA:182,0
DA:183,0
DA:185,0
DA:188,0
DA:189,0
DA:191,0
DA:197,0
DA:201,0
DA:202,0
DA:203,0
DA:204,0
DA:206,0
DA:207,0
DA:208,0
DA:209,0
DA:212,0
DA:214,0
DA:222,0
DA:223,0
DA:224,0
DA:225,0
DA:226,0
DA:229,0
DA:231,0
DA:235,0
LF:109
LH:0
BRDA:11,0,0,0
BRDA:11,0,1,0
BRDA:12,1,0,0
BRDA:12,1,1,0
BRDA:13,2,0,0
BRDA:13,2,1,0
BRDA:14,3,0,0
BRDA:14,3,1,0
BRDA:15,4,0,0
BRDA:15,4,1,0
BRDA:15,5,0,0
BRDA:15,5,1,0
BRDA:17,6,0,0
BRDA:17,6,1,0
BRDA:18,7,0,0
BRDA:18,7,1,0
BRDA:37,8,0,0
BRDA:37,8,1,0
BRDA:49,9,0,0
BRDA:49,9,1,0
BRDA:52,10,0,0
BRDA:52,10,1,0
BRDA:53,11,0,0
BRDA:53,11,1,0
BRDA:58,12,0,0
BRDA:58,12,1,0
BRDA:59,13,0,0
BRDA:59,13,1,0
BRDA:59,13,2,0
BRDA:70,14,0,0
BRDA:70,14,1,0
BRDA:70,15,0,0
BRDA:70,15,1,0
BRDA:79,16,0,0
BRDA:79,16,1,0
BRDA:97,17,0,0
BRDA:97,17,1,0
BRDA:98,18,0,0
BRDA:98,18,1,0
BRDA:105,19,0,0
BRDA:105,19,1,0
BRDA:128,20,0,0
BRDA:128,20,1,0
BRDA:139,21,0,0
BRDA:139,21,1,0
BRDA:141,22,0,0
BRDA:141,22,1,0
BRDA:141,23,0,0
BRDA:141,23,1,0
BRDA:158,24,0,0
BRDA:158,24,1,0
BRDA:160,25,0,0
BRDA:160,25,1,0
BRDA:164,26,0,0
BRDA:164,26,1,0
BRDA:183,27,0,0
BRDA:183,27,1,0
BRDA:188,28,0,0
BRDA:188,28,1,0
BRDA:189,29,0,0
BRDA:189,29,1,0
BRDA:206,30,0,0
BRDA:206,30,1,0
BRDA:206,31,0,0
BRDA:206,31,1,0
BRDA:208,32,0,0
BRDA:208,32,1,0
BRDA:209,33,0,0
BRDA:209,33,1,0
BRDA:224,34,0,0
BRDA:224,34,1,0
BRDA:225,35,0,0
BRDA:225,35,1,0
BRDA:226,36,0,0
BRDA:226,36,1,0
BRF:75
BRH:0
end_of_record
TN:
SF:controllers\cuentaCorrienteController.js
FN:3,(anonymous_0)
FN:25,(anonymous_1)
FN:37,(anonymous_2)
FN:57,(anonymous_3)
FN:80,(anonymous_4)
FN:94,(anonymous_5)
FN:106,(anonymous_6)
FN:127,(anonymous_7)
FN:142,(anonymous_8)
FN:151,(anonymous_9)
FN:164,(anonymous_10)
FN:177,(anonymous_11)
FNF:12
FNH:0
FNDA:0,(anonymous_0)
FNDA:0,(anonymous_1)
FNDA:0,(anonymous_2)
FNDA:0,(anonymous_3)
FNDA:0,(anonymous_4)
FNDA:0,(anonymous_5)
FNDA:0,(anonymous_6)
FNDA:0,(anonymous_7)
FNDA:0,(anonymous_8)
FNDA:0,(anonymous_9)
FNDA:0,(anonymous_10)
FNDA:0,(anonymous_11)
DA:1,0
DA:3,0
DA:4,0
DA:5,0
DA:6,0
DA:8,0
DA:9,0
DA:10,0
DA:11,0
DA:12,0
DA:15,0
DA:19,0
DA:21,0
DA:25,0
DA:26,0
DA:27,0
DA:30,0
DA:31,0
DA:33,0
DA:37,0
DA:38,0
DA:39,0
DA:41,0
DA:48,0
DA:49,0
DA:51,0
DA:53,0
DA:57,0
DA:58,0
DA:59,0
DA:61,0
DA:68,0
DA:69,0
DA:72,0
DA:73,0
DA:74,0
DA:76,0
DA:80,0
DA:81,0
DA:82,0
DA:87,0
DA:88,0
DA:90,0
DA:94,0
DA:95,0
DA:96,0
DA:97,0
DA:99,0
DA:100,0
DA:102,0
DA:106,0
DA:107,0
DA:108,0
DA:109,0
DA:110,0
DA:112,0
DA:118,0
DA:120,0
DA:121,0
DA:123,0
DA:127,0
DA:128,0
DA:129,0
DA:130,0
DA:132,0
DA:133,0
DA:135,0
DA:136,0
DA:138,0
DA:142,0
DA:143,0
DA:144,0
DA:145,0
DA:147,0
DA:148,0
DA:150,0
DA:151,0
DA:152,0
DA:153,0
DA:154,0
DA:158,0
DA:160,0
DA:164,0
DA:165,0
DA:166,0
DA:167,0
DA:168,0
DA:170,0
DA:172,0
DA:177,0
DA:178,0
DA:179,0
DA:181,0
DA:182,0
DA:184,0
DA:185,0
DA:188,0
DA:190,0
DA:194,0
LF:99
LH:0
BRDA:8,0,0,0
BRDA:8,0,1,0
BRDA:9,1,0,0
BRDA:9,1,1,0
BRDA:10,2,0,0
BRDA:10,2,1,0
BRDA:11,3,0,0
BRDA:11,3,1,0
BRDA:30,4,0,0
BRDA:30,4,1,0
BRDA:48,5,0,0
BRDA:48,5,1,0
BRDA:68,6,0,0
BRDA:68,6,1,0
BRDA:87,7,0,0
BRDA:87,7,1,0
BRDA:97,8,0,0
BRDA:97,8,1,0
BRDA:110,9,0,0
BRDA:110,9,1,0
BRDA:130,10,0,0
BRDA:130,10,1,0
BRDA:145,11,0,0
BRDA:145,11,1,0
BRDA:150,12,0,0
BRDA:150,12,1,0
BRDA:150,13,0,0
BRDA:150,13,1,0
BRDA:152,14,0,0
BRDA:152,14,1,0
BRDA:152,15,0,0
BRDA:152,15,1,0
BRDA:153,16,0,0
BRDA:153,16,1,0
BRDA:153,17,0,0
BRDA:153,17,1,0
BRDA:168,18,0,0
BRDA:168,18,1,0
BRDA:181,19,0,0
BRDA:181,19,1,0
BRDA:184,20,0,0
BRDA:184,20,1,0
BRF:42
BRH:0
end_of_record
TN:
SF:controllers\empresaController.js
FN:3,(anonymous_0)
FN:12,(anonymous_1)
FN:22,(anonymous_2)
FN:35,(anonymous_3)
FN:49,(anonymous_4)
FN:63,(anonymous_5)
FNF:6
FNH:0
FNDA:0,(anonymous_0)
FNDA:0,(anonymous_1)
FNDA:0,(anonymous_2)
FNDA:0,(anonymous_3)
FNDA:0,(anonymous_4)
FNDA:0,(anonymous_5)
DA:1,0
DA:3,0
DA:4,0
DA:5,0
DA:6,0
DA:8,0
DA:12,0
DA:13,0
DA:14,0
DA:15,0
DA:16,0
DA:18,0
DA:22,0
DA:23,0
DA:24,0
DA:25,0
DA:26,0
DA:28,0
DA:29,0
DA:31,0
DA:35,0
DA:36,0
DA:37,0
DA:42,0
DA:43,0
DA:45,0
DA:49,0
DA:50,0
DA:51,0
DA:56,0
DA:57,0
DA:59,0
DA:63,0
DA:64,0
DA:65,0
DA:66,0
DA:67,0
DA:74,0
DA:78,0
LF:39
LH:0
BRDA:15,0,0,0
BRDA:15,0,1,0
BRDA:28,1,0,0
BRDA:28,1,1,0
BRDA:42,2,0,0
BRDA:42,2,1,0
BRDA:56,3,0,0
BRDA:56,3,1,0
BRDA:66,4,0,0
BRDA:66,4,1,0
BRF:10
BRH:0
end_of_record
TN:
SF:controllers\movimientoController.js
FN:18,(anonymous_0)
FN:24,(anonymous_1)
FN:34,(anonymous_2)
FN:52,(anonymous_3)
FN:83,(anonymous_4)
FN:101,(anonymous_5)
FN:172,(anonymous_6)
FN:194,(anonymous_7)
FN:232,(anonymous_8)
FN:237,(anonymous_9)
FN:240,(anonymous_10)
FN:260,(anonymous_11)
FN:313,(anonymous_12)
FNF:13
FNH:0
FNDA:0,(anonymous_0)
FNDA:0,(anonymous_1)
FNDA:0,(anonymous_2)
FNDA:0,(anonymous_3)
FNDA:0,(anonymous_4)
FNDA:0,(anonymous_5)
FNDA:0,(anonymous_6)
FNDA:0,(anonymous_7)
FNDA:0,(anonymous_8)
FNDA:0,(anonymous_9)
FNDA:0,(anonymous_10)
FNDA:0,(anonymous_11)
FNDA:0,(anonymous_12)
DA:1,0
DA:2,0
DA:3,0
DA:4,0
DA:5,0
DA:18,0
DA:19,0
DA:20,0
DA:22,0
DA:23,0
DA:24,0
DA:26,0
DA:27,0
DA:28,0
DA:29,0
DA:30,0
DA:33,0
DA:34,0
DA:35,0
DA:36,0
DA:37,0
DA:38,0
DA:41,0
DA:42,0
DA:52,0
DA:53,0
DA:54,0
DA:55,0
DA:57,0
DA:58,0
DA:59,0
DA:60,0
DA:62,0
DA:63,0
DA:65,0
DA:70,0
DA:72,0
DA:83,0
DA:84,0
DA:85,0
DA:88,0
DA:90,0
DA:101,0
DA:102,0
DA:103,0
DA:104,0
DA:107,0
DA:109,0
DA:110,0
DA:113,0
DA:124,0
DA:126,0
DA:127,0
DA:130,0
DA:131,0
DA:132,0
DA:133,0
DA:135,0
DA:136,0
DA:137,0
DA:139,0
DA:140,0
DA:142,0
DA:145,0
DA:146,0
DA:149,0
DA:161,0
DA:162,0
DA:164,0
DA:168,0
DA:170,0
DA:171,0
DA:172,0
DA:174,0
DA:175,0
DA:176,0
DA:177,0
DA:178,0
DA:179,0
DA:181,0
DA:183,0
DA:185,0
DA:186,0
DA:188,0
DA:189,0
DA:190,0
DA:191,0
DA:192,0
DA:193,0
DA:194,0
DA:196,0
DA:197,0
DA:199,0
DA:200,0
DA:201,0
DA:202,0
DA:203,0
DA:204,0
DA:205,0
DA:208,0
DA:209,0
DA:210,0
DA:212,0
DA:213,0
DA:217,0
DA:218,0
DA:220,0
DA:225,0
DA:227,0
DA:228,0
DA:232,0
DA:233,0
DA:234,0
DA:235,0
DA:237,0
DA:238,0
DA:239,0
DA:240,0
DA:241,0
DA:242,0
DA:254,0
DA:256,0
DA:260,0
DA:261,0
DA:262,0
DA:263,0
DA:265,0
DA:266,0
DA:267,0
DA:270,0
DA:271,0
DA:272,0
DA:273,0
DA:274,0
DA:276,0
DA:277,0
DA:278,0
DA:279,0
DA:280,0
DA:282,0
DA:285,0
DA:286,0
DA:287,0
DA:288,0
DA:291,0
DA:292,0
DA:293,0
DA:295,0
DA:296,0
DA:297,0
DA:298,0
DA:301,0
DA:306,0
DA:308,0
DA:309,0
DA:313,0
DA:314,0
DA:315,0
DA:317,0
DA:318,0
DA:319,0
DA:322,0
DA:323,0
DA:324,0
DA:325,0
DA:326,0
DA:328,0
DA:329,0
DA:330,0
DA:331,0
DA:334,0
DA:335,0
DA:338,0
DA:339,0
DA:341,0
DA:343,0
DA:344,0
DA:348,0
LF:178
LH:0
BRDA:18,0,0,0
BRDA:20,1,0,0
BRDA:20,1,1,0
BRDA:22,2,0,0
BRDA:22,2,1,0
BRDA:22,3,0,0
BRDA:22,3,1,0
BRDA:22,3,2,0
BRDA:24,4,0,0
BRDA:24,4,1,0
BRDA:26,5,0,0
BRDA:26,5,1,0
BRDA:27,6,0,0
BRDA:27,6,1,0
BRDA:29,7,0,0
BRDA:29,7,1,0
BRDA:33,8,0,0
BRDA:33,8,1,0
BRDA:33,9,0,0
BRDA:33,9,1,0
BRDA:33,9,2,0
BRDA:34,10,0,0
BRDA:34,10,1,0
BRDA:35,11,0,0
BRDA:35,11,1,0
BRDA:37,12,0,0
BRDA:37,12,1,0
BRDA:57,13,0,0
BRDA:57,13,1,0
BRDA:57,14,0,0
BRDA:57,14,1,0
BRDA:59,15,0,0
BRDA:59,15,1,0
BRDA:60,16,0,0
BRDA:60,16,1,0
BRDA:62,17,0,0
BRDA:62,17,1,0
BRDA:63,18,0,0
BRDA:63,18,1,0
BRDA:103,19,0,0
BRDA:103,19,1,0
BRDA:103,20,0,0
BRDA:103,20,1,0
BRDA:107,21,0,0
BRDA:107,21,1,0
BRDA:109,22,0,0
BRDA:109,22,1,0
BRDA:109,23,0,0
BRDA:109,23,1,0
BRDA:109,23,2,0
BRDA:121,24,0,0
BRDA:121,24,1,0
BRDA:126,25,0,0
BRDA:126,25,1,0
BRDA:130,26,0,0
BRDA:130,26,1,0
BRDA:130,27,0,0
BRDA:130,27,1,0
BRDA:133,28,0,0
BRDA:133,28,1,0
BRDA:137,29,0,0
BRDA:137,29,1,0
BRDA:139,30,0,0
BRDA:139,30,1,0
BRDA:140,31,0,0
BRDA:140,31,1,0
BRDA:142,32,0,0
BRDA:142,32,1,0
BRDA:145,33,0,0
BRDA:145,33,1,0
BRDA:150,34,0,0
BRDA:150,34,1,0
BRDA:151,35,0,0
BRDA:151,35,1,0
BRDA:152,36,0,0
BRDA:152,36,1,0
BRDA:155,37,0,0
BRDA:155,37,1,0
BRDA:155,38,0,0
BRDA:155,38,1,0
BRDA:170,39,0,0
BRDA:170,39,1,0
BRDA:170,40,0,0
BRDA:170,40,1,0
BRDA:170,40,2,0
BRDA:172,41,0,0
BRDA:172,41,1,0
BRDA:174,42,0,0
BRDA:174,42,1,0
BRDA:175,43,0,0
BRDA:175,43,1,0
BRDA:177,44,0,0
BRDA:177,44,1,0
BRDA:178,45,0,0
BRDA:178,45,1,0
BRDA:185,46,0,0
BRDA:185,46,1,0
BRDA:188,47,0,0
BRDA:188,47,1,0
BRDA:189,48,0,0
BRDA:189,48,1,0
BRDA:190,49,0,0
BRDA:190,49,1,0
BRDA:192,50,0,0
BRDA:192,50,1,0
BRDA:193,51,0,0
BRDA:193,51,1,0
BRDA:193,52,0,0
BRDA:193,52,1,0
BRDA:194,53,0,0
BRDA:194,53,1,0
BRDA:196,54,0,0
BRDA:196,54,1,0
BRDA:199,55,0,0
BRDA:199,55,1,0
BRDA:199,56,0,0
BRDA:199,56,1,0
BRDA:201,57,0,0
BRDA:201,57,1,0
BRDA:202,58,0,0
BRDA:202,58,1,0
BRDA:208,59,0,0
BRDA:208,59,1,0
BRDA:209,60,0,0
BRDA:209,60,1,0
BRDA:209,61,0,0
BRDA:209,61,1,0
BRDA:212,62,0,0
BRDA:212,62,1,0
BRDA:238,63,0,0
BRDA:238,63,1,0
BRDA:239,64,0,0
BRDA:239,64,1,0
BRDA:241,65,0,0
BRDA:241,65,1,0
BRDA:241,66,0,0
BRDA:241,66,1,0
BRDA:266,67,0,0
BRDA:266,67,1,0
BRDA:276,68,0,0
BRDA:276,68,1,0
BRDA:277,69,0,0
BRDA:277,69,1,0
BRDA:278,70,0,0
BRDA:278,70,1,0
BRDA:279,71,0,0
BRDA:279,71,1,0
BRDA:280,72,0,0
BRDA:280,72,1,0
BRDA:285,73,0,0
BRDA:285,73,1,0
BRDA:287,74,0,0
BRDA:287,74,1,0
BRDA:291,75,0,0
BRDA:291,75,1,0
BRDA:292,76,0,0
BRDA:292,76,1,0
BRDA:293,77,0,0
BRDA:293,77,1,0
BRDA:295,78,0,0
BRDA:295,78,1,0
BRDA:297,79,0,0
BRDA:297,79,1,0
BRDA:318,80,0,0
BRDA:318,80,1,0
BRDA:328,81,0,0
BRDA:328,81,1,0
BRDA:330,82,0,0
BRDA:330,82,1,0
BRDA:334,83,0,0
BRDA:334,83,1,0
BRF:171
BRH:0
end_of_record
TN:
SF:controllers\planCuentaController.js
FN:3,(anonymous_0)
FN:30,(anonymous_1)
FN:43,(anonymous_2)
FN:59,(anonymous_3)
FN:73,(anonymous_4)
FN:92,(anonymous_5)
FN:107,(anonymous_6)
FN:113,(anonymous_7)
FNF:8
FNH:0
FNDA:0,(anonymous_0)
FNDA:0,(anonymous_1)
FNDA:0,(anonymous_2)
FNDA:0,(anonymous_3)
FNDA:0,(anonymous_4)
FNDA:0,(anonymous_5)
FNDA:0,(anonymous_6)
FNDA:0,(anonymous_7)
DA:1,0
DA:3,0
DA:4,0
DA:5,0
DA:6,0
DA:8,0
DA:9,0
DA:10,0
DA:11,0
DA:12,0
DA:13,0
DA:19,0
DA:24,0
DA:26,0
DA:30,0
DA:31,0
DA:32,0
DA:36,0
DA:37,0
DA:39,0
DA:43,0
DA:44,0
DA:45,0
DA:46,0
DA:47,0
DA:48,0
DA:51,0
DA:52,0
DA:53,0
DA:55,0
DA:59,0
DA:60,0
DA:61,0
DA:66,0
DA:67,0
DA:69,0
DA:73,0
DA:74,0
DA:75,0
DA:76,0
DA:77,0
DA:80,0
DA:85,0
DA:86,0
DA:88,0
DA:92,0
DA:93,0
DA:94,0
DA:95,0
DA:101,0
DA:103,0
DA:107,0
DA:108,0
DA:109,0
DA:110,0
DA:112,0
DA:113,0
DA:114,0
DA:115,0
DA:118,0
DA:120,0
DA:124,0
LF:62
LH:0
BRDA:8,0,0,0
BRDA:8,0,1,0
BRDA:9,1,0,0
BRDA:9,1,1,0
BRDA:10,2,0,0
BRDA:10,2,1,0
BRDA:11,3,0,0
BRDA:11,3,1,0
BRDA:12,4,0,0
BRDA:12,4,1,0
BRDA:36,5,0,0
BRDA:36,5,1,0
BRDA:47,6,0,0
BRDA:47,6,1,0
BRDA:66,7,0,0
BRDA:66,7,1,0
BRDA:76,8,0,0
BRDA:76,8,1,0
BRDA:85,9,0,0
BRDA:85,9,1,0
BRDA:114,10,0,0
BRDA:114,10,1,0
BRF:22
BRH:0
end_of_record
TN:
SF:controllers\productoController.js
FN:11,(anonymous_0)
FN:28,(anonymous_1)
FN:46,(anonymous_2)
FN:64,(anonymous_3)
FN:86,(anonymous_4)
FN:108,(anonymous_5)
FNF:6
FNH:0
FNDA:0,(anonymous_0)
FNDA:0,(anonymous_1)
FNDA:0,(anonymous_2)
FNDA:0,(anonymous_3)
FNDA:0,(anonymous_4)
FNDA:0,(anonymous_5)
DA:1,0
DA:11,0
DA:12,0
DA:13,0
DA:14,0
DA:16,0
DA:28,0
DA:29,0
DA:30,0
DA:31,0
DA:32,0
DA:34,0
DA:46,0
DA:47,0
DA:48,0
DA:49,0
DA:50,0
DA:52,0
DA:64,0
DA:65,0
DA:66,0
DA:71,0
DA:72,0
DA:74,0
DA:86,0
DA:87,0
DA:88,0
DA:93,0
DA:94,0
DA:96,0
DA:108,0
DA:109,0
DA:110,0
DA:111,0
DA:112,0
DA:114,0
DA:117,0
DA:121,0
LF:38
LH:0
BRDA:31,0,0,0
BRDA:31,0,1,0
BRDA:71,1,0,0
BRDA:71,1,1,0
BRDA:93,2,0,0
BRDA:93,2,1,0
BRDA:111,3,0,0
BRDA:111,3,1,0
BRF:8
BRH:0
end_of_record
TN:
SF:controllers\proveedorController.js
FN:10,(anonymous_0)
FN:26,(anonymous_1)
FN:43,(anonymous_2)
FN:64,(anonymous_3)
FNF:4
FNH:0
FNDA:0,(anonymous_0)
FNDA:0,(anonymous_1)
FNDA:0,(anonymous_2)
FNDA:0,(anonymous_3)
DA:1,0
DA:10,0
DA:11,0
DA:12,0
DA:13,0
DA:15,0
DA:26,0
DA:27,0
DA:28,0
DA:29,0
DA:30,0
DA:32,0
DA:43,0
DA:44,0
DA:45,0
DA:50,0
DA:51,0
DA:53,0
DA:64,0
DA:65,0
DA:66,0
DA:71,0
DA:72,0
DA:74,0
DA:78,0
LF:25
LH:0
BRDA:50,0,0,0
BRDA:50,0,1,0
BRDA:71,1,0,0
BRDA:71,1,1,0
BRF:4
BRH:0
end_of_record
TN:
SF:controllers\usuarioController.js
FN:10,(anonymous_0)
FN:26,(anonymous_1)
FN:50,(anonymous_2)
FN:78,(anonymous_3)
FNF:4
FNH:0
FNDA:0,(anonymous_0)
FNDA:0,(anonymous_1)
FNDA:0,(anonymous_2)
FNDA:0,(anonymous_3)
DA:1,0
DA:10,0
DA:11,0
DA:12,0
DA:13,0
DA:15,0
DA:26,0
DA:27,0
DA:28,0
DA:29,0
DA:30,0
DA:31,0
DA:33,0
DA:34,0
DA:35,0
DA:36,0
DA:37,0
DA:39,0
DA:50,0
DA:51,0
DA:52,0
DA:53,0
DA:54,0
DA:55,0
DA:56,0
DA:57,0
DA:59,0
DA:64,0
DA:65,0
DA:67,0
DA:78,0
DA:79,0
DA:80,0
DA:85,0
DA:86,0
DA:88,0
DA:92,0
LF:37
LH:0
BRDA:30,0,0,0
BRDA:30,0,1,0
BRDA:54,1,0,0
BRDA:54,1,1,0
BRDA:64,2,0,0
BRDA:64,2,1,0
BRDA:85,3,0,0
BRDA:85,3,1,0
BRF:8
BRH:0
end_of_record
TN:
SF:middleware\asyncHandler.js
FN:1,(anonymous_0)
FN:1,(anonymous_1)
FNF:2
FNH:0
FNDA:0,(anonymous_0)
FNDA:0,(anonymous_1)
DA:1,0
DA:2,0
DA:5,0
LF:3
LH:0
BRF:0
BRH:0
end_of_record
TN:
SF:middleware\audit.js
FN:3,(anonymous_0)
FN:4,(anonymous_1)
FN:7,(anonymous_2)
FN:38,(anonymous_3)
FN:50,(anonymous_4)
FN:71,(anonymous_5)
FNF:6
FNH:0
FNDA:0,(anonymous_0)
FNDA:0,(anonymous_1)
FNDA:0,(anonymous_2)
FNDA:0,(anonymous_3)
FNDA:0,(anonymous_4)
FNDA:0,(anonymous_5)
DA:1,0
DA:3,0
DA:4,0
DA:5,0
DA:7,0
DA:8,0
DA:10,0
DA:11,0
DA:13,0
DA:14,0
DA:15,0
DA:17,0
DA:18,0
DA:22,0
DA:23,0
DA:24,0
DA:26,0
DA:38,0
DA:43,0
DA:46,0
DA:50,0
DA:51,0
DA:52,0
DA:67,0
DA:71,0
DA:72,0
DA:73,0
DA:85,0
DA:89,0
LF:29
LH:0
BRDA:3,0,0,0
BRDA:11,1,0,0
BRDA:11,1,1,0
BRDA:13,2,0,0
BRDA:13,2,1,0
BRDA:13,3,0,0
BRDA:13,3,1,0
BRDA:13,3,2,0
BRDA:13,3,3,0
BRDA:14,4,0,0
BRDA:14,4,1,0
BRDA:15,5,0,0
BRDA:15,5,1,0
BRDA:15,5,2,0
BRDA:17,6,0,0
BRDA:17,6,1,0
BRDA:17,7,0,0
BRDA:17,7,1,0
BRDA:18,8,0,0
BRDA:18,8,1,0
BRDA:19,9,0,0
BRDA:19,9,1,0
BRDA:19,10,0,0
BRDA:19,10,1,0
BRDA:20,11,0,0
BRDA:20,11,1,0
BRDA:22,12,0,0
BRDA:22,12,1,0
BRDA:22,13,0,0
BRDA:22,13,1,0
BRDA:23,14,0,0
BRDA:23,14,1,0
BRDA:24,15,0,0
BRDA:24,15,1,0
BRDA:27,16,0,0
BRDA:27,16,1,0
BRDA:32,17,0,0
BRDA:32,17,1,0
BRDA:33,18,0,0
BRDA:33,18,1,0
BRDA:58,19,0,0
BRDA:58,19,1,0
BRDA:59,20,0,0
BRDA:59,20,1,0
BRF:44
BRH:0
end_of_record
TN:
SF:middleware\auth.js
FN:3,(anonymous_0)
FN:25,(anonymous_1)
FNF:2
FNH:0
FNDA:0,(anonymous_0)
FNDA:0,(anonymous_1)
DA:1,0
DA:3,0
DA:4,0
DA:5,0
DA:7,0
DA:8,0
DA:11,0
DA:12,0
DA:13,0
DA:15,0
DA:16,0
DA:18,0
DA:19,0
DA:21,0
DA:25,0
DA:26,0
DA:27,0
DA:29,0
DA:30,0
DA:32,0
DA:35,0
LF:21
LH:0
BRDA:5,0,0,0
BRDA:5,0,1,0
BRDA:7,1,0,0
BRDA:7,1,1,0
BRDA:15,2,0,0
BRDA:15,2,1,0
BRDA:18,3,0,0
BRDA:18,3,1,0
BRDA:26,4,0,0
BRDA:26,4,1,0
BRDA:29,5,0,0
BRDA:29,5,1,0
BRF:12
BRH:0
end_of_record
TN:
SF:middleware\errorHandler.js
FN:1,(anonymous_0)
FN:15,(anonymous_1)
FNF:2
FNH:0
FNDA:0,(anonymous_0)
FNDA:0,(anonymous_1)
DA:1,0
DA:2,0
DA:3,0
DA:4,0
DA:5,0
DA:6,0
DA:7,0
DA:9,0
DA:11,0
DA:12,0
DA:15,0
DA:19,0
DA:20,0
DA:26,0
DA:27,0
DA:33,0
DA:39,0
LF:17
LH:0
BRDA:6,0,0,0
BRDA:6,0,1,0
BRDA:6,1,0,0
BRDA:6,1,1,0
BRDA:11,2,0,0
BRDA:11,2,1,0
BRDA:19,3,0,0
BRDA:19,3,1,0
BRDA:26,4,0,0
BRDA:26,4,1,0
BRDA:33,5,0,0
BRDA:33,5,1,0
BRDA:35,6,0,0
BRDA:35,6,1,0
BRF:14
BRH:0
end_of_record
TN:
SF:models\Alerta.js
FNF:0
FNH:0
DA:1,0
DA:3,0
DA:43,0
DA:45,0
LF:4
LH:0
BRF:0
BRH:0
end_of_record
TN:
SF:models\Asiento.js
FN:95,(anonymous_0)
FN:96,(anonymous_1)
FN:97,(anonymous_2)
FN:103,(anonymous_3)
FNF:4
FNH:0
FNDA:0,(anonymous_0)
FNDA:0,(anonymous_1)
FNDA:0,(anonymous_2)
FNDA:0,(anonymous_3)
DA:1,0
DA:3,0
DA:91,0
DA:92,0
DA:93,0
DA:95,0
DA:96,0
DA:97,0
DA:98,0
DA:99,0
DA:100,0
DA:103,0
DA:104,0
DA:105,0
DA:108,0
LF:15
LH:0
BRDA:96,0,0,0
BRDA:96,0,1,0
BRDA:97,1,0,0
BRDA:97,1,1,0
BRF:4
BRH:0
end_of_record
TN:
SF:models\AuditLog.js
FN:47,(anonymous_0)
FN:51,(anonymous_1)
FN:79,(anonymous_2)
FN:88,(anonymous_3)
FNF:4
FNH:0
FNDA:0,(anonymous_0)
FNDA:0,(anonymous_1)
FNDA:0,(anonymous_2)
FNDA:0,(anonymous_3)
DA:1,0
DA:3,0
DA:42,0
DA:43,0
DA:44,0
DA:45,0
DA:47,0
DA:48,0
DA:50,0
DA:51,0
DA:52,0
DA:53,0
DA:62,0
DA:79,0
DA:80,0
DA:81,0
DA:83,0
DA:88,0
DA:89,0
DA:90,0
DA:91,0
DA:93,0
DA:98,0
LF:23
LH:0
BRDA:50,0,0,0
BRDA:50,0,1,0
BRDA:50,1,0,0
BRDA:50,1,1,0
BRDA:52,2,0,0
BRDA:52,2,1,0
BRDA:79,3,0,0
BRDA:81,4,0,0
BRDA:81,4,1,0
BRDA:85,5,0,0
BRDA:85,5,1,0
BRDA:88,6,0,0
BRDA:90,7,0,0
BRDA:90,7,1,0
BRDA:91,8,0,0
BRDA:91,8,1,0
BRDA:95,9,0,0
BRDA:95,9,1,0
BRF:18
BRH:0
end_of_record
TN:
SF:models\Caja.js
FNF:0
FNH:0
DA:1,0
DA:3,0
DA:64,0
LF:3
LH:0
BRF:0
BRH:0
end_of_record
TN:
SF:models\Cliente.js
FNF:0
FNH:0
DA:1,0
DA:3,0
DA:20,0
LF:3
LH:0
BRF:0
BRH:0
end_of_record
TN:
SF:models\Comprobante.js
FN:149,(anonymous_0)
FN:153,(anonymous_1)
FN:154,(anonymous_2)
FN:156,(anonymous_3)
FN:170,(anonymous_4)
FN:171,(anonymous_5)
FN:183,(anonymous_6)
FNF:7
FNH:0
FNDA:0,(anonymous_0)
FNDA:0,(anonymous_1)
FNDA:0,(anonymous_2)
FNDA:0,(anonymous_3)
FNDA:0,(anonymous_4)
FNDA:0,(anonymous_5)
FNDA:0,(anonymous_6)
DA:1,0
DA:3,0
DA:143,0
DA:144,0
DA:145,0
DA:146,0
DA:147,0
DA:149,0
DA:150,0
DA:153,0
DA:154,0
DA:156,0
DA:157,0
DA:158,0
DA:160,0
DA:161,0
DA:163,0
DA:164,0
DA:165,0
DA:167,0
DA:170,0
DA:171,0
DA:172,0
DA:174,0
DA:175,0
DA:177,0
DA:178,0
DA:180,0
DA:183,0
DA:184,0
DA:185,0
DA:188,0
DA:189,0
DA:191,0
LF:34
LH:0
BRDA:157,0,0,0
BRDA:157,0,1,0
BRDA:158,1,0,0
BRDA:158,1,1,0
BRDA:160,2,0,0
BRDA:160,2,1,0
BRDA:163,3,0,0
BRDA:163,3,1,0
BRDA:163,4,0,0
BRDA:163,4,1,0
BRDA:164,5,0,0
BRDA:164,5,1,0
BRDA:167,6,0,0
BRDA:167,6,1,0
BRDA:167,7,0,0
BRDA:167,7,1,0
BRDA:170,8,0,0
BRDA:170,8,1,0
BRDA:171,9,0,0
BRDA:171,9,1,0
BRDA:174,10,0,0
BRDA:174,10,1,0
BRDA:177,11,0,0
BRDA:177,11,1,0
BRF:24
BRH:0
end_of_record
TN:
SF:models\Config.js
FNF:0
FNH:0
DA:1,0
DA:3,0
DA:16,0
LF:3
LH:0
BRF:0
BRH:0
end_of_record
TN:
SF:models\Cotizacion.js
FN:42,(anonymous_0)
FN:49,(anonymous_1)
FNF:2
FNH:0
FNDA:0,(anonymous_0)
FNDA:0,(anonymous_1)
DA:1,0
DA:3,0
DA:40,0
DA:42,0
DA:43,0
DA:44,0
DA:46,0
DA:49,0
DA:50,0
DA:52,0
DA:53,0
DA:55,0
DA:58,0
LF:13
LH:0
BRDA:42,0,0,0
BRDA:42,1,0,0
BRDA:44,2,0,0
BRDA:44,2,1,0
BRDA:49,3,0,0
BRDA:50,4,0,0
BRDA:50,4,1,0
BRDA:53,5,0,0
BRDA:53,5,1,0
BRF:9
BRH:0
end_of_record
TN:
SF:models\CuentaCorriente.js
FN:99,(anonymous_0)
FN:102,(anonymous_1)
FN:116,(anonymous_2)
FNF:3
FNH:0
FNDA:0,(anonymous_0)
FNDA:0,(anonymous_1)
FNDA:0,(anonymous_2)
DA:1,0
DA:3,0
DA:95,0
DA:96,0
DA:97,0
DA:99,0
DA:100,0
DA:101,0
DA:102,0
DA:103,0
DA:104,0
DA:105,0
DA:107,0
DA:108,0
DA:111,0
DA:112,0
DA:113,0
DA:116,0
DA:117,0
DA:119,0
DA:132,0
DA:133,0
DA:137,0
DA:138,0
DA:143,0
DA:144,0
DA:145,0
DA:148,0
DA:149,0
DA:151,0
LF:30
LH:0
BRDA:103,0,0,0
BRDA:103,0,1,0
BRDA:120,1,0,0
BRDA:120,1,1,0
BRDA:126,2,0,0
BRDA:126,2,1,0
BRDA:132,3,0,0
BRDA:132,3,1,0
BRDA:133,4,0,0
BRDA:133,4,1,0
BRDA:137,5,0,0
BRDA:137,5,1,0
BRDA:138,6,0,0
BRDA:138,6,1,0
BRF:14
BRH:0
end_of_record
TN:
SF:models\Empresa.js
FNF:0
FNH:0
DA:1,0
DA:3,0
DA:85,0
LF:3
LH:0
BRF:0
BRH:0
end_of_record
TN:
SF:models\Movimiento.js
FNF:0
FNH:0
DA:1,0
DA:3,0
DA:81,0
LF:3
LH:0
BRF:0
BRH:0
end_of_record
TN:
SF:models\PPConfig.js
FNF:0
FNH:0
DA:1,0
DA:3,0
DA:14,0
DA:16,0
LF:4
LH:0
BRF:0
BRH:0
end_of_record
TN:
SF:models\PlanCuenta.js
FNF:0
FNH:0
DA:1,0
DA:3,0
DA:80,0
DA:81,0
DA:82,0
DA:84,0
DA:90,0
DA:96,0
DA:97,0
DA:99,0
LF:10
LH:0
BRF:0
BRH:0
end_of_record
TN:
SF:models\Producto.js
FNF:0
FNH:0
DA:1,0
DA:22,0
DA:94,0
DA:95,0
DA:96,0
DA:98,0
LF:6
LH:0
BRF:0
BRH:0
end_of_record
TN:
SF:models\Proveedor.js
FNF:0
FNH:0
DA:1,0
DA:3,0
DA:21,0
LF:3
LH:0
BRF:0
BRH:0
end_of_record
TN:
SF:models\TipoMovimiento.js
FNF:0
FNH:0
DA:1,0
DA:3,0
DA:98,0
DA:99,0
DA:101,0
LF:5
LH:0
BRF:0
BRH:0
end_of_record
TN:
SF:models\Usuario.js
FN:28,(anonymous_0)
FN:34,(anonymous_1)
FNF:2
FNH:0
FNDA:0,(anonymous_0)
FNDA:0,(anonymous_1)
DA:1,0
DA:2,0
DA:4,0
DA:28,0
DA:29,0
DA:30,0
DA:31,0
DA:34,0
DA:35,0
DA:38,0
LF:10
LH:0
BRDA:29,0,0,0
BRDA:29,0,1,0
BRDA:30,1,0,0
BRDA:30,1,1,0
BRDA:30,2,0,0
BRDA:30,2,1,0
BRF:6
BRH:0
end_of_record
